Mensaje I / 00:00:00:000 / Root(00) para top(01)
Mensaje I / 00:00:00:000 / top(01) para amp_1(02)
Mensaje D / 00:00:00:000 / amp_1(02) / 00:00:00:000 para top(01)
Mensaje D / 00:00:00:000 / top(01) / 00:00:00:000 para Root(00)
Mensaje X / 00:00:00:000 / Root(00) / in_1 /      0.10000 para top(01)
Mensaje X / 00:00:00:000 / top(01) / in_1 /      0.10000 para amp_1(02)
Mensaje D / 00:00:00:000 / amp_1(02) / 00:00:00:000 para top(01)
Mensaje D / 00:00:00:000 / top(01) / 00:00:00:000 para Root(00)
Mensaje * / 00:00:00:000 / Root(00) para top(01)
Mensaje * / 00:00:00:000 / top(01) para amp_1(02)
Mensaje Y / 00:00:00:000 / amp_1(02) / out_1 /      1.00000 para top(01)
Mensaje D / 00:00:00:000 / amp_1(02) / ... para top(01)
Mensaje Y / 00:00:00:000 / top(01) / out_1 /      1.00000 para Root(00)
Mensaje D / 00:00:00:000 / top(01) / ... para Root(00)
Mensaje X / 00:00:00:006 / Root(00) / in_1 /      0.20000 para top(01)
Mensaje X / 00:00:00:006 / top(01) / in_1 /      0.20000 para amp_1(02)
Mensaje D / 00:00:00:006 / amp_1(02) / 00:00:00:000 para top(01)
Mensaje D / 00:00:00:006 / top(01) / 00:00:00:000 para Root(00)
Mensaje * / 00:00:00:006 / Root(00) para top(01)
Mensaje * / 00:00:00:006 / top(01) para amp_1(02)
Mensaje Y / 00:00:00:006 / amp_1(02) / out_1 /      2.00000 para top(01)
Mensaje D / 00:00:00:006 / amp_1(02) / ... para top(01)
Mensaje Y / 00:00:00:006 / top(01) / out_1 /      2.00000 para Root(00)
Mensaje D / 00:00:00:006 / top(01) / ... para Root(00)
Mensaje X / 00:00:00:007 / Root(00) / in_1 /      0.20000 para top(01)
Mensaje X / 00:00:00:007 / top(01) / in_1 /      0.20000 para amp_1(02)
Mensaje D / 00:00:00:007 / amp_1(02) / 00:00:00:000 para top(01)
Mensaje D / 00:00:00:007 / top(01) / 00:00:00:000 para Root(00)
Mensaje * / 00:00:00:007 / Root(00) para top(01)
Mensaje * / 00:00:00:007 / top(01) para amp_1(02)
Mensaje Y / 00:00:00:007 / amp_1(02) / out_1 /      2.00000 para top(01)
Mensaje D / 00:00:00:007 / amp_1(02) / ... para top(01)
Mensaje Y / 00:00:00:007 / top(01) / out_1 /      2.00000 para Root(00)
Mensaje D / 00:00:00:007 / top(01) / ... para Root(00)
Mensaje X / 00:00:00:008 / Root(00) / in_1 /      0.20000 para top(01)
Mensaje X / 00:00:00:008 / top(01) / in_1 /      0.20000 para amp_1(02)
Mensaje D / 00:00:00:008 / amp_1(02) / 00:00:00:000 para top(01)
Mensaje D / 00:00:00:008 / top(01) / 00:00:00:000 para Root(00)
Mensaje * / 00:00:00:008 / Root(00) para top(01)
Mensaje * / 00:00:00:008 / top(01) para amp_1(02)
Mensaje Y / 00:00:00:008 / amp_1(02) / out_1 /      2.00000 para top(01)
Mensaje D / 00:00:00:008 / amp_1(02) / ... para top(01)
Mensaje Y / 00:00:00:008 / top(01) / out_1 /      2.00000 para Root(00)
Mensaje D / 00:00:00:008 / top(01) / ... para Root(00)
Mensaje X / 00:00:00:009 / Root(00) / in_1 /      0.20000 para top(01)
Mensaje X / 00:00:00:009 / top(01) / in_1 /      0.20000 para amp_1(02)
Mensaje D / 00:00:00:009 / amp_1(02) / 00:00:00:000 para top(01)
Mensaje D / 00:00:00:009 / top(01) / 00:00:00:000 para Root(00)
Mensaje * / 00:00:00:009 / Root(00) para top(01)
Mensaje * / 00:00:00:009 / top(01) para amp_1(02)
Mensaje Y / 00:00:00:009 / amp_1(02) / out_1 /      2.00000 para top(01)
Mensaje D / 00:00:00:009 / amp_1(02) / ... para top(01)
Mensaje Y / 00:00:00:009 / top(01) / out_1 /      2.00000 para Root(00)
Mensaje D / 00:00:00:009 / top(01) / ... para Root(00)
Mensaje X / 00:00:00:010 / Root(00) / in_1 /      0.20000 para top(01)
Mensaje X / 00:00:00:010 / top(01) / in_1 /      0.20000 para amp_1(02)
Mensaje D / 00:00:00:010 / amp_1(02) / 00:00:00:000 para top(01)
Mensaje D / 00:00:00:010 / top(01) / 00:00:00:000 para Root(00)
Mensaje * / 00:00:00:010 / Root(00) para top(01)
Mensaje * / 00:00:00:010 / top(01) para amp_1(02)
Mensaje Y / 00:00:00:010 / amp_1(02) / out_1 /      2.00000 para top(01)
Mensaje D / 00:00:00:010 / amp_1(02) / ... para top(01)
Mensaje Y / 00:00:00:010 / top(01) / out_1 /      2.00000 para Root(00)
Mensaje D / 00:00:00:010 / top(01) / ... para Root(00)
Mensaje X / 00:00:00:011 / Root(00) / in_1 /      0.20000 para top(01)
Mensaje X / 00:00:00:011 / top(01) / in_1 /      0.20000 para amp_1(02)
Mensaje D / 00:00:00:011 / amp_1(02) / 00:00:00:000 para top(01)
Mensaje D / 00:00:00:011 / top(01) / 00:00:00:000 para Root(00)
Mensaje * / 00:00:00:011 / Root(00) para top(01)
Mensaje * / 00:00:00:011 / top(01) para amp_1(02)
Mensaje Y / 00:00:00:011 / amp_1(02) / out_1 /      2.00000 para top(01)
Mensaje D / 00:00:00:011 / amp_1(02) / ... para top(01)
Mensaje Y / 00:00:00:011 / top(01) / out_1 /      2.00000 para Root(00)
Mensaje D / 00:00:00:011 / top(01) / ... para Root(00)
Mensaje X / 00:00:00:012 / Root(00) / in_1 /      0.20000 para top(01)
Mensaje X / 00:00:00:012 / top(01) / in_1 /      0.20000 para amp_1(02)
Mensaje D / 00:00:00:012 / amp_1(02) / 00:00:00:000 para top(01)
Mensaje D / 00:00:00:012 / top(01) / 00:00:00:000 para Root(00)
Mensaje * / 00:00:00:012 / Root(00) para top(01)
Mensaje * / 00:00:00:012 / top(01) para amp_1(02)
Mensaje Y / 00:00:00:012 / amp_1(02) / out_1 /      2.00000 para top(01)
Mensaje D / 00:00:00:012 / amp_1(02) / ... para top(01)
Mensaje Y / 00:00:00:012 / top(01) / out_1 /      2.00000 para Root(00)
Mensaje D / 00:00:00:012 / top(01) / ... para Root(00)
Mensaje X / 00:00:00:014 / Root(00) / in_1 /      0.10000 para top(01)
Mensaje X / 00:00:00:014 / top(01) / in_1 /      0.10000 para amp_1(02)
Mensaje D / 00:00:00:014 / amp_1(02) / 00:00:00:000 para top(01)
Mensaje D / 00:00:00:014 / top(01) / 00:00:00:000 para Root(00)
Mensaje * / 00:00:00:014 / Root(00) para top(01)
Mensaje * / 00:00:00:014 / top(01) para amp_1(02)
Mensaje Y / 00:00:00:014 / amp_1(02) / out_1 /      1.00000 para top(01)
Mensaje D / 00:00:00:014 / amp_1(02) / ... para top(01)
Mensaje Y / 00:00:00:014 / top(01) / out_1 /      1.00000 para Root(00)
Mensaje D / 00:00:00:014 / top(01) / ... para Root(00)
Mensaje X / 00:00:00:016 / Root(00) / in_1 /      0.20000 para top(01)
Mensaje X / 00:00:00:016 / top(01) / in_1 /      0.20000 para amp_1(02)
Mensaje D / 00:00:00:016 / amp_1(02) / 00:00:00:000 para top(01)
Mensaje D / 00:00:00:016 / top(01) / 00:00:00:000 para Root(00)
Mensaje * / 00:00:00:016 / Root(00) para top(01)
Mensaje * / 00:00:00:016 / top(01) para amp_1(02)
Mensaje Y / 00:00:00:016 / amp_1(02) / out_1 /      2.00000 para top(01)
Mensaje D / 00:00:00:016 / amp_1(02) / ... para top(01)
Mensaje Y / 00:00:00:016 / top(01) / out_1 /      2.00000 para Root(00)
Mensaje D / 00:00:00:016 / top(01) / ... para Root(00)
Mensaje X / 00:00:00:017 / Root(00) / in_1 /      0.20000 para top(01)
Mensaje X / 00:00:00:017 / top(01) / in_1 /      0.20000 para amp_1(02)
Mensaje D / 00:00:00:017 / amp_1(02) / 00:00:00:000 para top(01)
Mensaje D / 00:00:00:017 / top(01) / 00:00:00:000 para Root(00)
Mensaje * / 00:00:00:017 / Root(00) para top(01)
Mensaje * / 00:00:00:017 / top(01) para amp_1(02)
Mensaje Y / 00:00:00:017 / amp_1(02) / out_1 /      2.00000 para top(01)
Mensaje D / 00:00:00:017 / amp_1(02) / ... para top(01)
Mensaje Y / 00:00:00:017 / top(01) / out_1 /      2.00000 para Root(00)
Mensaje D / 00:00:00:017 / top(01) / ... para Root(00)
Mensaje X / 00:00:00:018 / Root(00) / in_1 /      0.20000 para top(01)
Mensaje X / 00:00:00:018 / top(01) / in_1 /      0.20000 para amp_1(02)
Mensaje D / 00:00:00:018 / amp_1(02) / 00:00:00:000 para top(01)
Mensaje D / 00:00:00:018 / top(01) / 00:00:00:000 para Root(00)
Mensaje * / 00:00:00:018 / Root(00) para top(01)
Mensaje * / 00:00:00:018 / top(01) para amp_1(02)
Mensaje Y / 00:00:00:018 / amp_1(02) / out_1 /      2.00000 para top(01)
Mensaje D / 00:00:00:018 / amp_1(02) / ... para top(01)
Mensaje Y / 00:00:00:018 / top(01) / out_1 /      2.00000 para Root(00)
Mensaje D / 00:00:00:018 / top(01) / ... para Root(00)
Mensaje X / 00:00:00:019 / Root(00) / in_1 /      0.10000 para top(01)
Mensaje X / 00:00:00:019 / top(01) / in_1 /      0.10000 para amp_1(02)
Mensaje D / 00:00:00:019 / amp_1(02) / 00:00:00:000 para top(01)
Mensaje D / 00:00:00:019 / top(01) / 00:00:00:000 para Root(00)
Mensaje * / 00:00:00:019 / Root(00) para top(01)
Mensaje * / 00:00:00:019 / top(01) para amp_1(02)
Mensaje Y / 00:00:00:019 / amp_1(02) / out_1 /      1.00000 para top(01)
Mensaje D / 00:00:00:019 / amp_1(02) / ... para top(01)
Mensaje Y / 00:00:00:019 / top(01) / out_1 /      1.00000 para Root(00)
Mensaje D / 00:00:00:019 / top(01) / ... para Root(00)
Mensaje X / 00:00:00:029 / Root(00) / in_1 /      0.20000 para top(01)
Mensaje X / 00:00:00:029 / top(01) / in_1 /      0.20000 para amp_1(02)
Mensaje D / 00:00:00:029 / amp_1(02) / 00:00:00:000 para top(01)
Mensaje D / 00:00:00:029 / top(01) / 00:00:00:000 para Root(00)
Mensaje * / 00:00:00:029 / Root(00) para top(01)
Mensaje * / 00:00:00:029 / top(01) para amp_1(02)
Mensaje Y / 00:00:00:029 / amp_1(02) / out_1 /      2.00000 para top(01)
Mensaje D / 00:00:00:029 / amp_1(02) / ... para top(01)
Mensaje Y / 00:00:00:029 / top(01) / out_1 /      2.00000 para Root(00)
Mensaje D / 00:00:00:029 / top(01) / ... para Root(00)
Mensaje X / 00:00:00:031 / Root(00) / in_1 /      0.10000 para top(01)
Mensaje X / 00:00:00:031 / top(01) / in_1 /      0.10000 para amp_1(02)
Mensaje D / 00:00:00:031 / amp_1(02) / 00:00:00:000 para top(01)
Mensaje D / 00:00:00:031 / top(01) / 00:00:00:000 para Root(00)
Mensaje * / 00:00:00:031 / Root(00) para top(01)
Mensaje * / 00:00:00:031 / top(01) para amp_1(02)
Mensaje Y / 00:00:00:031 / amp_1(02) / out_1 /      1.00000 para top(01)
Mensaje D / 00:00:00:031 / amp_1(02) / ... para top(01)
Mensaje Y / 00:00:00:031 / top(01) / out_1 /      1.00000 para Root(00)
Mensaje D / 00:00:00:031 / top(01) / ... para Root(00)
Mensaje X / 00:00:00:036 / Root(00) / in_1 /      0.20000 para top(01)
Mensaje X / 00:00:00:036 / top(01) / in_1 /      0.20000 para amp_1(02)
Mensaje D / 00:00:00:036 / amp_1(02) / 00:00:00:000 para top(01)
Mensaje D / 00:00:00:036 / top(01) / 00:00:00:000 para Root(00)
Mensaje * / 00:00:00:036 / Root(00) para top(01)
Mensaje * / 00:00:00:036 / top(01) para amp_1(02)
Mensaje Y / 00:00:00:036 / amp_1(02) / out_1 /      2.00000 para top(01)
Mensaje D / 00:00:00:036 / amp_1(02) / ... para top(01)
Mensaje Y / 00:00:00:036 / top(01) / out_1 /      2.00000 para Root(00)
Mensaje D / 00:00:00:036 / top(01) / ... para Root(00)
Mensaje X / 00:00:00:038 / Root(00) / in_1 /      0.10000 para top(01)
Mensaje X / 00:00:00:038 / top(01) / in_1 /      0.10000 para amp_1(02)
Mensaje D / 00:00:00:038 / amp_1(02) / 00:00:00:000 para top(01)
Mensaje D / 00:00:00:038 / top(01) / 00:00:00:000 para Root(00)
Mensaje * / 00:00:00:038 / Root(00) para top(01)
Mensaje * / 00:00:00:038 / top(01) para amp_1(02)
Mensaje Y / 00:00:00:038 / amp_1(02) / out_1 /      1.00000 para top(01)
Mensaje D / 00:00:00:038 / amp_1(02) / ... para top(01)
Mensaje Y / 00:00:00:038 / top(01) / out_1 /      1.00000 para Root(00)
Mensaje D / 00:00:00:038 / top(01) / ... para Root(00)
Mensaje X / 00:00:00:046 / Root(00) / in_1 /      0.20000 para top(01)
Mensaje X / 00:00:00:046 / top(01) / in_1 /      0.20000 para amp_1(02)
Mensaje D / 00:00:00:046 / amp_1(02) / 00:00:00:000 para top(01)
Mensaje D / 00:00:00:046 / top(01) / 00:00:00:000 para Root(00)
Mensaje * / 00:00:00:046 / Root(00) para top(01)
Mensaje * / 00:00:00:046 / top(01) para amp_1(02)
Mensaje Y / 00:00:00:046 / amp_1(02) / out_1 /      2.00000 para top(01)
Mensaje D / 00:00:00:046 / amp_1(02) / ... para top(01)
Mensaje Y / 00:00:00:046 / top(01) / out_1 /      2.00000 para Root(00)
Mensaje D / 00:00:00:046 / top(01) / ... para Root(00)
Mensaje X / 00:00:00:048 / Root(00) / in_1 /      0.10000 para top(01)
Mensaje X / 00:00:00:048 / top(01) / in_1 /      0.10000 para amp_1(02)
Mensaje D / 00:00:00:048 / amp_1(02) / 00:00:00:000 para top(01)
Mensaje D / 00:00:00:048 / top(01) / 00:00:00:000 para Root(00)
Mensaje * / 00:00:00:048 / Root(00) para top(01)
Mensaje * / 00:00:00:048 / top(01) para amp_1(02)
Mensaje Y / 00:00:00:048 / amp_1(02) / out_1 /      1.00000 para top(01)
Mensaje D / 00:00:00:048 / amp_1(02) / ... para top(01)
Mensaje Y / 00:00:00:048 / top(01) / out_1 /      1.00000 para Root(00)
Mensaje D / 00:00:00:048 / top(01) / ... para Root(00)
Mensaje X / 00:00:00:049 / Root(00) / in_1 /      0.10000 para top(01)
Mensaje X / 00:00:00:049 / top(01) / in_1 /      0.10000 para amp_1(02)
Mensaje D / 00:00:00:049 / amp_1(02) / 00:00:00:000 para top(01)
Mensaje D / 00:00:00:049 / top(01) / 00:00:00:000 para Root(00)
Mensaje * / 00:00:00:049 / Root(00) para top(01)
Mensaje * / 00:00:00:049 / top(01) para amp_1(02)
Mensaje Y / 00:00:00:049 / amp_1(02) / out_1 /      1.00000 para top(01)
Mensaje D / 00:00:00:049 / amp_1(02) / ... para top(01)
Mensaje Y / 00:00:00:049 / top(01) / out_1 /      1.00000 para Root(00)
Mensaje D / 00:00:00:049 / top(01) / ... para Root(00)
Mensaje X / 00:00:00:050 / Root(00) / in_1 /      0.10000 para top(01)
Mensaje X / 00:00:00:050 / top(01) / in_1 /      0.10000 para amp_1(02)
Mensaje D / 00:00:00:050 / amp_1(02) / 00:00:00:000 para top(01)
Mensaje D / 00:00:00:050 / top(01) / 00:00:00:000 para Root(00)
Mensaje * / 00:00:00:050 / Root(00) para top(01)
Mensaje * / 00:00:00:050 / top(01) para amp_1(02)
Mensaje Y / 00:00:00:050 / amp_1(02) / out_1 /      1.00000 para top(01)
Mensaje D / 00:00:00:050 / amp_1(02) / ... para top(01)
Mensaje Y / 00:00:00:050 / top(01) / out_1 /      1.00000 para Root(00)
Mensaje D / 00:00:00:050 / top(01) / ... para Root(00)
Mensaje X / 00:00:00:051 / Root(00) / in_1 /      0.10000 para top(01)
Mensaje X / 00:00:00:051 / top(01) / in_1 /      0.10000 para amp_1(02)
Mensaje D / 00:00:00:051 / amp_1(02) / 00:00:00:000 para top(01)
Mensaje D / 00:00:00:051 / top(01) / 00:00:00:000 para Root(00)
Mensaje * / 00:00:00:051 / Root(00) para top(01)
Mensaje * / 00:00:00:051 / top(01) para amp_1(02)
Mensaje Y / 00:00:00:051 / amp_1(02) / out_1 /      1.00000 para top(01)
Mensaje D / 00:00:00:051 / amp_1(02) / ... para top(01)
Mensaje Y / 00:00:00:051 / top(01) / out_1 /      1.00000 para Root(00)
Mensaje D / 00:00:00:051 / top(01) / ... para Root(00)
Mensaje X / 00:00:00:052 / Root(00) / in_1 /      0.10000 para top(01)
Mensaje X / 00:00:00:052 / top(01) / in_1 /      0.10000 para amp_1(02)
Mensaje D / 00:00:00:052 / amp_1(02) / 00:00:00:000 para top(01)
Mensaje D / 00:00:00:052 / top(01) / 00:00:00:000 para Root(00)
Mensaje * / 00:00:00:052 / Root(00) para top(01)
Mensaje * / 00:00:00:052 / top(01) para amp_1(02)
Mensaje Y / 00:00:00:052 / amp_1(02) / out_1 /      1.00000 para top(01)
Mensaje D / 00:00:00:052 / amp_1(02) / ... para top(01)
Mensaje Y / 00:00:00:052 / top(01) / out_1 /      1.00000 para Root(00)
Mensaje D / 00:00:00:052 / top(01) / ... para Root(00)
Mensaje X / 00:00:00:053 / Root(00) / in_1 /      0.10000 para top(01)
Mensaje X / 00:00:00:053 / top(01) / in_1 /      0.10000 para amp_1(02)
Mensaje D / 00:00:00:053 / amp_1(02) / 00:00:00:000 para top(01)
Mensaje D / 00:00:00:053 / top(01) / 00:00:00:000 para Root(00)
Mensaje * / 00:00:00:053 / Root(00) para top(01)
Mensaje * / 00:00:00:053 / top(01) para amp_1(02)
Mensaje Y / 00:00:00:053 / amp_1(02) / out_1 /      1.00000 para top(01)
Mensaje D / 00:00:00:053 / amp_1(02) / ... para top(01)
Mensaje Y / 00:00:00:053 / top(01) / out_1 /      1.00000 para Root(00)
Mensaje D / 00:00:00:053 / top(01) / ... para Root(00)
Mensaje X / 00:00:00:054 / Root(00) / in_1 /      0.20000 para top(01)
Mensaje X / 00:00:00:054 / top(01) / in_1 /      0.20000 para amp_1(02)
Mensaje D / 00:00:00:054 / amp_1(02) / 00:00:00:000 para top(01)
Mensaje D / 00:00:00:054 / top(01) / 00:00:00:000 para Root(00)
Mensaje * / 00:00:00:054 / Root(00) para top(01)
Mensaje * / 00:00:00:054 / top(01) para amp_1(02)
Mensaje Y / 00:00:00:054 / amp_1(02) / out_1 /      2.00000 para top(01)
Mensaje D / 00:00:00:054 / amp_1(02) / ... para top(01)
Mensaje Y / 00:00:00:054 / top(01) / out_1 /      2.00000 para Root(00)
Mensaje D / 00:00:00:054 / top(01) / ... para Root(00)
