Mensaje I / 00:00:00:000 / Root(00) para top(01)
Mensaje I / 00:00:00:000 / top(01) para timer(02)
Mensaje D / 00:00:00:000 / timer(02) / 00:00:00:000 para top(01)
Mensaje D / 00:00:00:000 / top(01) / 00:00:00:000 para Root(00)
Mensaje X / 00:00:00:000 / Root(00) / m_inturnon /      1.00000 para top(01)
Mensaje X / 00:00:00:000 / top(01) / m_inturnon /      1.00000 para timer(02)
Mensaje D / 00:00:00:000 / timer(02) / 00:00:00:001 para top(01)
Mensaje D / 00:00:00:000 / top(01) / 00:00:00:001 para Root(00)
Mensaje * / 00:00:00:001 / Root(00) para top(01)
Mensaje * / 00:00:00:001 / top(01) para timer(02)
Mensaje Y / 00:00:00:001 / timer(02) / out_clk /      1.00000 para top(01)
Mensaje Y / 00:00:00:001 / timer(02) / out_count /      1.00000 para top(01)
Mensaje D / 00:00:00:001 / timer(02) / 00:00:00:001 para top(01)
Mensaje Y / 00:00:00:001 / top(01) / out_clk /      1.00000 para Root(00)
Mensaje Y / 00:00:00:001 / top(01) / out_count /      1.00000 para Root(00)
Mensaje D / 00:00:00:001 / top(01) / 00:00:00:001 para Root(00)
Mensaje * / 00:00:00:002 / Root(00) para top(01)
Mensaje * / 00:00:00:002 / top(01) para timer(02)
Mensaje Y / 00:00:00:002 / timer(02) / out_clk /     -1.00000 para top(01)
Mensaje Y / 00:00:00:002 / timer(02) / out_count /      2.00000 para top(01)
Mensaje D / 00:00:00:002 / timer(02) / 00:00:00:001 para top(01)
Mensaje Y / 00:00:00:002 / top(01) / out_clk /     -1.00000 para Root(00)
Mensaje Y / 00:00:00:002 / top(01) / out_count /      2.00000 para Root(00)
Mensaje D / 00:00:00:002 / top(01) / 00:00:00:001 para Root(00)
Mensaje * / 00:00:00:003 / Root(00) para top(01)
Mensaje * / 00:00:00:003 / top(01) para timer(02)
Mensaje Y / 00:00:00:003 / timer(02) / out_clk /      1.00000 para top(01)
Mensaje Y / 00:00:00:003 / timer(02) / out_count /      3.00000 para top(01)
Mensaje D / 00:00:00:003 / timer(02) / 00:00:00:001 para top(01)
Mensaje Y / 00:00:00:003 / top(01) / out_clk /      1.00000 para Root(00)
Mensaje Y / 00:00:00:003 / top(01) / out_count /      3.00000 para Root(00)
Mensaje D / 00:00:00:003 / top(01) / 00:00:00:001 para Root(00)
Mensaje * / 00:00:00:004 / Root(00) para top(01)
Mensaje * / 00:00:00:004 / top(01) para timer(02)
Mensaje Y / 00:00:00:004 / timer(02) / out_clk /     -1.00000 para top(01)
Mensaje Y / 00:00:00:004 / timer(02) / out_count /      4.00000 para top(01)
Mensaje D / 00:00:00:004 / timer(02) / 00:00:00:001 para top(01)
Mensaje Y / 00:00:00:004 / top(01) / out_clk /     -1.00000 para Root(00)
Mensaje Y / 00:00:00:004 / top(01) / out_count /      4.00000 para Root(00)
Mensaje D / 00:00:00:004 / top(01) / 00:00:00:001 para Root(00)
Mensaje * / 00:00:00:005 / Root(00) para top(01)
Mensaje * / 00:00:00:005 / top(01) para timer(02)
Mensaje Y / 00:00:00:005 / timer(02) / out_clk /      1.00000 para top(01)
Mensaje Y / 00:00:00:005 / timer(02) / out_count /      5.00000 para top(01)
Mensaje D / 00:00:00:005 / timer(02) / 00:00:00:001 para top(01)
Mensaje Y / 00:00:00:005 / top(01) / out_clk /      1.00000 para Root(00)
Mensaje Y / 00:00:00:005 / top(01) / out_count /      5.00000 para Root(00)
Mensaje D / 00:00:00:005 / top(01) / 00:00:00:001 para Root(00)
Mensaje * / 00:00:00:006 / Root(00) para top(01)
Mensaje * / 00:00:00:006 / top(01) para timer(02)
Mensaje Y / 00:00:00:006 / timer(02) / out_clk /     -1.00000 para top(01)
Mensaje Y / 00:00:00:006 / timer(02) / out_count /      6.00000 para top(01)
Mensaje D / 00:00:00:006 / timer(02) / 00:00:00:001 para top(01)
Mensaje Y / 00:00:00:006 / top(01) / out_clk /     -1.00000 para Root(00)
Mensaje Y / 00:00:00:006 / top(01) / out_count /      6.00000 para Root(00)
Mensaje D / 00:00:00:006 / top(01) / 00:00:00:001 para Root(00)
Mensaje * / 00:00:00:007 / Root(00) para top(01)
Mensaje * / 00:00:00:007 / top(01) para timer(02)
Mensaje Y / 00:00:00:007 / timer(02) / out_clk /      1.00000 para top(01)
Mensaje Y / 00:00:00:007 / timer(02) / out_count /      7.00000 para top(01)
Mensaje D / 00:00:00:007 / timer(02) / 00:00:00:001 para top(01)
Mensaje Y / 00:00:00:007 / top(01) / out_clk /      1.00000 para Root(00)
Mensaje Y / 00:00:00:007 / top(01) / out_count /      7.00000 para Root(00)
Mensaje D / 00:00:00:007 / top(01) / 00:00:00:001 para Root(00)
Mensaje * / 00:00:00:008 / Root(00) para top(01)
Mensaje * / 00:00:00:008 / top(01) para timer(02)
Mensaje Y / 00:00:00:008 / timer(02) / out_clk /     -1.00000 para top(01)
Mensaje Y / 00:00:00:008 / timer(02) / out_count /      8.00000 para top(01)
Mensaje D / 00:00:00:008 / timer(02) / 00:00:00:001 para top(01)
Mensaje Y / 00:00:00:008 / top(01) / out_clk /     -1.00000 para Root(00)
Mensaje Y / 00:00:00:008 / top(01) / out_count /      8.00000 para Root(00)
Mensaje D / 00:00:00:008 / top(01) / 00:00:00:001 para Root(00)
Mensaje * / 00:00:00:009 / Root(00) para top(01)
Mensaje * / 00:00:00:009 / top(01) para timer(02)
Mensaje Y / 00:00:00:009 / timer(02) / out_clk /      1.00000 para top(01)
Mensaje Y / 00:00:00:009 / timer(02) / out_count /      9.00000 para top(01)
Mensaje D / 00:00:00:009 / timer(02) / 00:00:00:001 para top(01)
Mensaje Y / 00:00:00:009 / top(01) / out_clk /      1.00000 para Root(00)
Mensaje Y / 00:00:00:009 / top(01) / out_count /      9.00000 para Root(00)
Mensaje D / 00:00:00:009 / top(01) / 00:00:00:001 para Root(00)
Mensaje X / 00:00:00:010 / Root(00) / m_inturnoff /      1.00000 para top(01)
Mensaje X / 00:00:00:010 / top(01) / m_inturnoff /      1.00000 para timer(02)
Mensaje D / 00:00:00:010 / timer(02) / ... para top(01)
Mensaje D / 00:00:00:010 / top(01) / ... para Root(00)
Mensaje X / 00:00:00:020 / Root(00) / m_inturnoff /      1.00000 para top(01)
Mensaje X / 00:00:00:020 / top(01) / m_inturnoff /      1.00000 para timer(02)
Mensaje D / 00:00:00:020 / timer(02) / ... para top(01)
Mensaje D / 00:00:00:020 / top(01) / ... para Root(00)
Mensaje X / 00:00:00:025 / Root(00) / m_inturnon /      1.00000 para top(01)
Mensaje X / 00:00:00:025 / top(01) / m_inturnon /      1.00000 para timer(02)
Mensaje D / 00:00:00:025 / timer(02) / 00:00:00:001 para top(01)
Mensaje D / 00:00:00:025 / top(01) / 00:00:00:001 para Root(00)
Mensaje * / 00:00:00:026 / Root(00) para top(01)
Mensaje * / 00:00:00:026 / top(01) para timer(02)
Mensaje Y / 00:00:00:026 / timer(02) / out_clk /      1.00000 para top(01)
Mensaje Y / 00:00:00:026 / timer(02) / out_count /      1.00000 para top(01)
Mensaje D / 00:00:00:026 / timer(02) / 00:00:00:001 para top(01)
Mensaje Y / 00:00:00:026 / top(01) / out_clk /      1.00000 para Root(00)
Mensaje Y / 00:00:00:026 / top(01) / out_count /      1.00000 para Root(00)
Mensaje D / 00:00:00:026 / top(01) / 00:00:00:001 para Root(00)
Mensaje * / 00:00:00:027 / Root(00) para top(01)
Mensaje * / 00:00:00:027 / top(01) para timer(02)
Mensaje Y / 00:00:00:027 / timer(02) / out_clk /     -1.00000 para top(01)
Mensaje Y / 00:00:00:027 / timer(02) / out_count /      2.00000 para top(01)
Mensaje D / 00:00:00:027 / timer(02) / 00:00:00:001 para top(01)
Mensaje Y / 00:00:00:027 / top(01) / out_clk /     -1.00000 para Root(00)
Mensaje Y / 00:00:00:027 / top(01) / out_count /      2.00000 para Root(00)
Mensaje D / 00:00:00:027 / top(01) / 00:00:00:001 para Root(00)
Mensaje * / 00:00:00:028 / Root(00) para top(01)
Mensaje * / 00:00:00:028 / top(01) para timer(02)
Mensaje Y / 00:00:00:028 / timer(02) / out_clk /      1.00000 para top(01)
Mensaje Y / 00:00:00:028 / timer(02) / out_count /      3.00000 para top(01)
Mensaje D / 00:00:00:028 / timer(02) / 00:00:00:001 para top(01)
Mensaje Y / 00:00:00:028 / top(01) / out_clk /      1.00000 para Root(00)
Mensaje Y / 00:00:00:028 / top(01) / out_count /      3.00000 para Root(00)
Mensaje D / 00:00:00:028 / top(01) / 00:00:00:001 para Root(00)
Mensaje * / 00:00:00:029 / Root(00) para top(01)
Mensaje * / 00:00:00:029 / top(01) para timer(02)
Mensaje Y / 00:00:00:029 / timer(02) / out_clk /     -1.00000 para top(01)
Mensaje Y / 00:00:00:029 / timer(02) / out_count /      4.00000 para top(01)
Mensaje D / 00:00:00:029 / timer(02) / 00:00:00:001 para top(01)
Mensaje Y / 00:00:00:029 / top(01) / out_clk /     -1.00000 para Root(00)
Mensaje Y / 00:00:00:029 / top(01) / out_count /      4.00000 para Root(00)
Mensaje D / 00:00:00:029 / top(01) / 00:00:00:001 para Root(00)
Mensaje * / 00:00:00:030 / Root(00) para top(01)
Mensaje * / 00:00:00:030 / top(01) para timer(02)
Mensaje Y / 00:00:00:030 / timer(02) / out_clk /      1.00000 para top(01)
Mensaje Y / 00:00:00:030 / timer(02) / out_count /      5.00000 para top(01)
Mensaje D / 00:00:00:030 / timer(02) / 00:00:00:001 para top(01)
Mensaje Y / 00:00:00:030 / top(01) / out_clk /      1.00000 para Root(00)
Mensaje Y / 00:00:00:030 / top(01) / out_count /      5.00000 para Root(00)
Mensaje D / 00:00:00:030 / top(01) / 00:00:00:001 para Root(00)
Mensaje * / 00:00:00:031 / Root(00) para top(01)
Mensaje * / 00:00:00:031 / top(01) para timer(02)
Mensaje Y / 00:00:00:031 / timer(02) / out_clk /     -1.00000 para top(01)
Mensaje Y / 00:00:00:031 / timer(02) / out_count /      6.00000 para top(01)
Mensaje D / 00:00:00:031 / timer(02) / 00:00:00:001 para top(01)
Mensaje Y / 00:00:00:031 / top(01) / out_clk /     -1.00000 para Root(00)
Mensaje Y / 00:00:00:031 / top(01) / out_count /      6.00000 para Root(00)
Mensaje D / 00:00:00:031 / top(01) / 00:00:00:001 para Root(00)
Mensaje * / 00:00:00:032 / Root(00) para top(01)
Mensaje * / 00:00:00:032 / top(01) para timer(02)
Mensaje Y / 00:00:00:032 / timer(02) / out_clk /      1.00000 para top(01)
Mensaje Y / 00:00:00:032 / timer(02) / out_count /      7.00000 para top(01)
Mensaje D / 00:00:00:032 / timer(02) / 00:00:00:001 para top(01)
Mensaje Y / 00:00:00:032 / top(01) / out_clk /      1.00000 para Root(00)
Mensaje Y / 00:00:00:032 / top(01) / out_count /      7.00000 para Root(00)
Mensaje D / 00:00:00:032 / top(01) / 00:00:00:001 para Root(00)
Mensaje * / 00:00:00:033 / Root(00) para top(01)
Mensaje * / 00:00:00:033 / top(01) para timer(02)
Mensaje Y / 00:00:00:033 / timer(02) / out_clk /     -1.00000 para top(01)
Mensaje Y / 00:00:00:033 / timer(02) / out_count /      8.00000 para top(01)
Mensaje D / 00:00:00:033 / timer(02) / 00:00:00:001 para top(01)
Mensaje Y / 00:00:00:033 / top(01) / out_clk /     -1.00000 para Root(00)
Mensaje Y / 00:00:00:033 / top(01) / out_count /      8.00000 para Root(00)
Mensaje D / 00:00:00:033 / top(01) / 00:00:00:001 para Root(00)
Mensaje * / 00:00:00:034 / Root(00) para top(01)
Mensaje * / 00:00:00:034 / top(01) para timer(02)
Mensaje Y / 00:00:00:034 / timer(02) / out_clk /      1.00000 para top(01)
Mensaje Y / 00:00:00:034 / timer(02) / out_count /      9.00000 para top(01)
Mensaje D / 00:00:00:034 / timer(02) / 00:00:00:001 para top(01)
Mensaje Y / 00:00:00:034 / top(01) / out_clk /      1.00000 para Root(00)
Mensaje Y / 00:00:00:034 / top(01) / out_count /      9.00000 para Root(00)
Mensaje D / 00:00:00:034 / top(01) / 00:00:00:001 para Root(00)
Mensaje X / 00:00:00:035 / Root(00) / m_inturnon /      1.00000 para top(01)
Mensaje X / 00:00:00:035 / top(01) / m_inturnon /      1.00000 para timer(02)
Mensaje D / 00:00:00:035 / timer(02) / 00:00:00:000 para top(01)
Mensaje D / 00:00:00:035 / top(01) / 00:00:00:000 para Root(00)
Mensaje * / 00:00:00:035 / Root(00) para top(01)
Mensaje * / 00:00:00:035 / top(01) para timer(02)
Mensaje Y / 00:00:00:035 / timer(02) / out_clk /     -1.00000 para top(01)
Mensaje Y / 00:00:00:035 / timer(02) / out_count /     10.00000 para top(01)
Mensaje D / 00:00:00:035 / timer(02) / 00:00:00:001 para top(01)
Mensaje Y / 00:00:00:035 / top(01) / out_clk /     -1.00000 para Root(00)
Mensaje Y / 00:00:00:035 / top(01) / out_count /     10.00000 para Root(00)
Mensaje D / 00:00:00:035 / top(01) / 00:00:00:001 para Root(00)
Mensaje * / 00:00:00:036 / Root(00) para top(01)
Mensaje * / 00:00:00:036 / top(01) para timer(02)
Mensaje Y / 00:00:00:036 / timer(02) / out_clk /      1.00000 para top(01)
Mensaje Y / 00:00:00:036 / timer(02) / out_count /     11.00000 para top(01)
Mensaje D / 00:00:00:036 / timer(02) / 00:00:00:001 para top(01)
Mensaje Y / 00:00:00:036 / top(01) / out_clk /      1.00000 para Root(00)
Mensaje Y / 00:00:00:036 / top(01) / out_count /     11.00000 para Root(00)
Mensaje D / 00:00:00:036 / top(01) / 00:00:00:001 para Root(00)
Mensaje * / 00:00:00:037 / Root(00) para top(01)
Mensaje * / 00:00:00:037 / top(01) para timer(02)
Mensaje Y / 00:00:00:037 / timer(02) / out_clk /     -1.00000 para top(01)
Mensaje Y / 00:00:00:037 / timer(02) / out_count /     12.00000 para top(01)
Mensaje D / 00:00:00:037 / timer(02) / 00:00:00:001 para top(01)
Mensaje Y / 00:00:00:037 / top(01) / out_clk /     -1.00000 para Root(00)
Mensaje Y / 00:00:00:037 / top(01) / out_count /     12.00000 para Root(00)
Mensaje D / 00:00:00:037 / top(01) / 00:00:00:001 para Root(00)
Mensaje * / 00:00:00:038 / Root(00) para top(01)
Mensaje * / 00:00:00:038 / top(01) para timer(02)
Mensaje Y / 00:00:00:038 / timer(02) / out_clk /      1.00000 para top(01)
Mensaje Y / 00:00:00:038 / timer(02) / out_count /     13.00000 para top(01)
Mensaje D / 00:00:00:038 / timer(02) / 00:00:00:001 para top(01)
Mensaje Y / 00:00:00:038 / top(01) / out_clk /      1.00000 para Root(00)
Mensaje Y / 00:00:00:038 / top(01) / out_count /     13.00000 para Root(00)
Mensaje D / 00:00:00:038 / top(01) / 00:00:00:001 para Root(00)
Mensaje * / 00:00:00:039 / Root(00) para top(01)
Mensaje * / 00:00:00:039 / top(01) para timer(02)
Mensaje Y / 00:00:00:039 / timer(02) / out_clk /     -1.00000 para top(01)
Mensaje Y / 00:00:00:039 / timer(02) / out_count /     14.00000 para top(01)
Mensaje D / 00:00:00:039 / timer(02) / 00:00:00:001 para top(01)
Mensaje Y / 00:00:00:039 / top(01) / out_clk /     -1.00000 para Root(00)
Mensaje Y / 00:00:00:039 / top(01) / out_count /     14.00000 para Root(00)
Mensaje D / 00:00:00:039 / top(01) / 00:00:00:001 para Root(00)
Mensaje X / 00:00:00:040 / Root(00) / m_inturnoff /      1.00000 para top(01)
Mensaje X / 00:00:00:040 / top(01) / m_inturnoff /      1.00000 para timer(02)
Mensaje D / 00:00:00:040 / timer(02) / ... para top(01)
Mensaje D / 00:00:00:040 / top(01) / ... para Root(00)
