Mensaje I / 00:00:00:000 / Root(00) para top(01)
Mensaje I / 00:00:00:000 / top(01) para controller(02)
Mensaje D / 00:00:00:000 / controller(02) / 00:00:00:000 para top(01)
Mensaje D / 00:00:00:000 / top(01) / 00:00:00:000 para Root(00)
Mensaje * / 00:00:00:000 / Root(00) para top(01)
Mensaje * / 00:00:00:000 / top(01) para controller(02)
Mensaje D / 00:00:00:000 / controller(02) / ... para top(01)
Mensaje D / 00:00:00:000 / top(01) / ... para Root(00)
Mensaje X / 00:00:00:002 / Root(00) / m_in /      1.00000 para top(01)
Mensaje X / 00:00:00:002 / top(01) / m_in /      1.00000 para controller(02)
Mensaje D / 00:00:00:002 / controller(02) / 00:00:00:001 para top(01)
Mensaje D / 00:00:00:002 / top(01) / 00:00:00:001 para Root(00)
Mensaje X / 00:00:00:003 / Root(00) / m_incount /      6.00000 para top(01)
Mensaje X / 00:00:00:003 / top(01) / m_incount /      6.00000 para controller(02)
Mensaje D / 00:00:00:003 / controller(02) / 00:00:00:000 para top(01)
Mensaje D / 00:00:00:003 / top(01) / 00:00:00:000 para Root(00)
Mensaje * / 00:00:00:003 / Root(00) para top(01)
Mensaje * / 00:00:00:003 / top(01) para controller(02)
Mensaje Y / 00:00:00:003 / controller(02) / m_outoff /      1.00000 para top(01)
Mensaje Y / 00:00:00:003 / controller(02) / m_outfire /      1.00000 para top(01)
Mensaje D / 00:00:00:003 / controller(02) / ... para top(01)
Mensaje Y / 00:00:00:003 / top(01) / m_outoff /      1.00000 para Root(00)
Mensaje Y / 00:00:00:003 / top(01) / m_outfire /      1.00000 para Root(00)
Mensaje D / 00:00:00:003 / top(01) / ... para Root(00)
Mensaje X / 00:00:00:007 / Root(00) / m_in /      1.00000 para top(01)
Mensaje X / 00:00:00:007 / top(01) / m_in /      1.00000 para controller(02)
Mensaje D / 00:00:00:007 / controller(02) / 00:00:00:001 para top(01)
Mensaje D / 00:00:00:007 / top(01) / 00:00:00:001 para Root(00)
Mensaje X / 00:00:00:008 / Root(00) / m_incount /      2.00000 para top(01)
Mensaje X / 00:00:00:008 / top(01) / m_incount /      2.00000 para controller(02)
Mensaje D / 00:00:00:008 / controller(02) / 00:00:00:000 para top(01)
Mensaje D / 00:00:00:008 / top(01) / 00:00:00:000 para Root(00)
Mensaje * / 00:00:00:008 / Root(00) para top(01)
Mensaje * / 00:00:00:008 / top(01) para controller(02)
Mensaje Y / 00:00:00:008 / controller(02) / m_outoff /      1.00000 para top(01)
Mensaje Y / 00:00:00:008 / controller(02) / m_outfire /      0.00000 para top(01)
Mensaje D / 00:00:00:008 / controller(02) / ... para top(01)
Mensaje Y / 00:00:00:008 / top(01) / m_outoff /      1.00000 para Root(00)
Mensaje Y / 00:00:00:008 / top(01) / m_outfire /      0.00000 para Root(00)
Mensaje D / 00:00:00:008 / top(01) / ... para Root(00)
Mensaje X / 00:00:00:012 / Root(00) / m_in /      1.00000 para top(01)
Mensaje X / 00:00:00:012 / top(01) / m_in /      1.00000 para controller(02)
Mensaje D / 00:00:00:012 / controller(02) / 00:00:00:001 para top(01)
Mensaje D / 00:00:00:012 / top(01) / 00:00:00:001 para Root(00)
Mensaje X / 00:00:00:012 / Root(00) / m_incount /      7.00000 para top(01)
Mensaje X / 00:00:00:012 / top(01) / m_incount /      7.00000 para controller(02)
Mensaje D / 00:00:00:012 / controller(02) / 00:00:00:000 para top(01)
Mensaje D / 00:00:00:012 / top(01) / 00:00:00:000 para Root(00)
Mensaje * / 00:00:00:012 / Root(00) para top(01)
Mensaje * / 00:00:00:012 / top(01) para controller(02)
Mensaje Y / 00:00:00:012 / controller(02) / m_outoff /      1.00000 para top(01)
Mensaje Y / 00:00:00:012 / controller(02) / m_outfire /      1.00000 para top(01)
Mensaje D / 00:00:00:012 / controller(02) / ... para top(01)
Mensaje Y / 00:00:00:012 / top(01) / m_outoff /      1.00000 para Root(00)
Mensaje Y / 00:00:00:012 / top(01) / m_outfire /      1.00000 para Root(00)
Mensaje D / 00:00:00:012 / top(01) / ... para Root(00)
Mensaje X / 00:00:00:015 / Root(00) / m_incount /      7.00000 para top(01)
Mensaje X / 00:00:00:015 / top(01) / m_incount /      7.00000 para controller(02)
Mensaje D / 00:00:00:015 / controller(02) / ... para top(01)
Mensaje D / 00:00:00:015 / top(01) / ... para Root(00)
Mensaje X / 00:00:00:020 / Root(00) / m_in /      1.00000 para top(01)
Mensaje X / 00:00:00:020 / top(01) / m_in /      1.00000 para controller(02)
Mensaje D / 00:00:00:020 / controller(02) / 00:00:00:001 para top(01)
Mensaje D / 00:00:00:020 / top(01) / 00:00:00:001 para Root(00)
Mensaje X / 00:00:00:021 / Root(00) / m_incount /      9.00000 para top(01)
Mensaje X / 00:00:00:021 / top(01) / m_incount /      9.00000 para controller(02)
Mensaje D / 00:00:00:021 / controller(02) / 00:00:00:000 para top(01)
Mensaje D / 00:00:00:021 / top(01) / 00:00:00:000 para Root(00)
Mensaje * / 00:00:00:021 / Root(00) para top(01)
Mensaje * / 00:00:00:021 / top(01) para controller(02)
Mensaje Y / 00:00:00:021 / controller(02) / m_outoff /      1.00000 para top(01)
Mensaje Y / 00:00:00:021 / controller(02) / m_outfire /      0.00000 para top(01)
Mensaje D / 00:00:00:021 / controller(02) / ... para top(01)
Mensaje Y / 00:00:00:021 / top(01) / m_outoff /      1.00000 para Root(00)
Mensaje Y / 00:00:00:021 / top(01) / m_outfire /      0.00000 para Root(00)
Mensaje D / 00:00:00:021 / top(01) / ... para Root(00)
Mensaje X / 00:00:00:030 / Root(00) / m_in /      1.00000 para top(01)
Mensaje X / 00:00:00:030 / top(01) / m_in /      1.00000 para controller(02)
Mensaje D / 00:00:00:030 / controller(02) / 00:00:00:001 para top(01)
Mensaje D / 00:00:00:030 / top(01) / 00:00:00:001 para Root(00)
Mensaje X / 00:00:00:031 / Root(00) / m_incount /      5.00000 para top(01)
Mensaje X / 00:00:00:031 / top(01) / m_incount /      5.00000 para controller(02)
Mensaje D / 00:00:00:031 / controller(02) / 00:00:00:000 para top(01)
Mensaje D / 00:00:00:031 / top(01) / 00:00:00:000 para Root(00)
Mensaje * / 00:00:00:031 / Root(00) para top(01)
Mensaje * / 00:00:00:031 / top(01) para controller(02)
Mensaje Y / 00:00:00:031 / controller(02) / m_outoff /      1.00000 para top(01)
Mensaje Y / 00:00:00:031 / controller(02) / m_outfire /      1.00000 para top(01)
Mensaje D / 00:00:00:031 / controller(02) / ... para top(01)
Mensaje Y / 00:00:00:031 / top(01) / m_outoff /      1.00000 para Root(00)
Mensaje Y / 00:00:00:031 / top(01) / m_outfire /      1.00000 para Root(00)
Mensaje D / 00:00:00:031 / top(01) / ... para Root(00)
Mensaje X / 00:00:00:040 / Root(00) / m_in /      1.00000 para top(01)
Mensaje X / 00:00:00:040 / top(01) / m_in /      1.00000 para controller(02)
Mensaje D / 00:00:00:040 / controller(02) / 00:00:00:001 para top(01)
Mensaje D / 00:00:00:040 / top(01) / 00:00:00:001 para Root(00)
Mensaje X / 00:00:00:041 / Root(00) / m_incount /      8.00000 para top(01)
Mensaje X / 00:00:00:041 / top(01) / m_incount /      8.00000 para controller(02)
Mensaje D / 00:00:00:041 / controller(02) / 00:00:00:000 para top(01)
Mensaje D / 00:00:00:041 / top(01) / 00:00:00:000 para Root(00)
Mensaje * / 00:00:00:041 / Root(00) para top(01)
Mensaje * / 00:00:00:041 / top(01) para controller(02)
Mensaje Y / 00:00:00:041 / controller(02) / m_outoff /      1.00000 para top(01)
Mensaje Y / 00:00:00:041 / controller(02) / m_outfire /      1.00000 para top(01)
Mensaje D / 00:00:00:041 / controller(02) / ... para top(01)
Mensaje Y / 00:00:00:041 / top(01) / m_outoff /      1.00000 para Root(00)
Mensaje Y / 00:00:00:041 / top(01) / m_outfire /      1.00000 para Root(00)
Mensaje D / 00:00:00:041 / top(01) / ... para Root(00)
