Mensaje I / 00:00:00:000 / Root(00) para top(01)
Mensaje I / 00:00:00:000 / top(01) para timer(02)
Mensaje I / 00:00:00:000 / top(01) para controller(03)
Mensaje D / 00:00:00:000 / timer(02) / 00:00:00:000 para top(01)
Mensaje D / 00:00:00:000 / controller(03) / 00:00:00:000 para top(01)
Mensaje D / 00:00:00:000 / top(01) / 00:00:00:000 para Root(00)
Mensaje X / 00:00:00:000 / Root(00) / neuron_on /      1.00000 para top(01)
Mensaje X / 00:00:00:000 / top(01) / m_inturnon /      1.00000 para timer(02)
Mensaje D / 00:00:00:000 / timer(02) / 00:00:00:001 para top(01)
Mensaje D / 00:00:00:000 / top(01) / 00:00:00:000 para Root(00)
Mensaje * / 00:00:00:000 / Root(00) para top(01)
Mensaje * / 00:00:00:000 / top(01) para controller(03)
Mensaje D / 00:00:00:000 / controller(03) / ... para top(01)
Mensaje D / 00:00:00:000 / top(01) / 00:00:00:001 para Root(00)
Mensaje * / 00:00:00:001 / Root(00) para top(01)
Mensaje * / 00:00:00:001 / top(01) para timer(02)
Mensaje Y / 00:00:00:001 / timer(02) / out_clk /      1.00000 para top(01)
Mensaje Y / 00:00:00:001 / timer(02) / out_count /      1.00000 para top(01)
Mensaje D / 00:00:00:001 / timer(02) / 00:00:00:001 para top(01)
Mensaje Y / 00:00:00:001 / top(01) / clk_control /      1.00000 para Root(00)
Mensaje X / 00:00:00:001 / top(01) / m_incount /      1.00000 para controller(03)
Mensaje D / 00:00:00:001 / controller(03) / ... para top(01)
Mensaje D / 00:00:00:001 / top(01) / 00:00:00:001 para Root(00)
Mensaje * / 00:00:00:002 / Root(00) para top(01)
Mensaje * / 00:00:00:002 / top(01) para timer(02)
Mensaje Y / 00:00:00:002 / timer(02) / out_clk /     -1.00000 para top(01)
Mensaje Y / 00:00:00:002 / timer(02) / out_count /      2.00000 para top(01)
Mensaje D / 00:00:00:002 / timer(02) / 00:00:00:001 para top(01)
Mensaje Y / 00:00:00:002 / top(01) / clk_control /     -1.00000 para Root(00)
Mensaje X / 00:00:00:002 / top(01) / m_incount /      2.00000 para controller(03)
Mensaje D / 00:00:00:002 / controller(03) / ... para top(01)
Mensaje D / 00:00:00:002 / top(01) / 00:00:00:001 para Root(00)
Mensaje * / 00:00:00:003 / Root(00) para top(01)
Mensaje * / 00:00:00:003 / top(01) para timer(02)
Mensaje Y / 00:00:00:003 / timer(02) / out_clk /      1.00000 para top(01)
Mensaje Y / 00:00:00:003 / timer(02) / out_count /      3.00000 para top(01)
Mensaje D / 00:00:00:003 / timer(02) / 00:00:00:001 para top(01)
Mensaje Y / 00:00:00:003 / top(01) / clk_control /      1.00000 para Root(00)
Mensaje X / 00:00:00:003 / top(01) / m_incount /      3.00000 para controller(03)
Mensaje D / 00:00:00:003 / controller(03) / ... para top(01)
Mensaje D / 00:00:00:003 / top(01) / 00:00:00:001 para Root(00)
Mensaje * / 00:00:00:004 / Root(00) para top(01)
Mensaje * / 00:00:00:004 / top(01) para timer(02)
Mensaje Y / 00:00:00:004 / timer(02) / out_clk /     -1.00000 para top(01)
Mensaje Y / 00:00:00:004 / timer(02) / out_count /      4.00000 para top(01)
Mensaje D / 00:00:00:004 / timer(02) / 00:00:00:001 para top(01)
Mensaje Y / 00:00:00:004 / top(01) / clk_control /     -1.00000 para Root(00)
Mensaje X / 00:00:00:004 / top(01) / m_incount /      4.00000 para controller(03)
Mensaje D / 00:00:00:004 / controller(03) / ... para top(01)
Mensaje D / 00:00:00:004 / top(01) / 00:00:00:001 para Root(00)
Mensaje * / 00:00:00:005 / Root(00) para top(01)
Mensaje * / 00:00:00:005 / top(01) para timer(02)
Mensaje Y / 00:00:00:005 / timer(02) / out_clk /      1.00000 para top(01)
Mensaje Y / 00:00:00:005 / timer(02) / out_count /      5.00000 para top(01)
Mensaje D / 00:00:00:005 / timer(02) / 00:00:00:001 para top(01)
Mensaje Y / 00:00:00:005 / top(01) / clk_control /      1.00000 para Root(00)
Mensaje X / 00:00:00:005 / top(01) / m_incount /      5.00000 para controller(03)
Mensaje D / 00:00:00:005 / controller(03) / ... para top(01)
Mensaje D / 00:00:00:005 / top(01) / 00:00:00:001 para Root(00)
Mensaje X / 00:00:00:006 / Root(00) / neuron_off /      1.00000 para top(01)
Mensaje X / 00:00:00:006 / top(01) / m_in /      1.00000 para controller(03)
Mensaje D / 00:00:00:006 / controller(03) / 00:00:00:001 para top(01)
Mensaje D / 00:00:00:006 / top(01) / 00:00:00:000 para Root(00)
Mensaje * / 00:00:00:006 / Root(00) para top(01)
Mensaje * / 00:00:00:006 / top(01) para timer(02)
Mensaje Y / 00:00:00:006 / timer(02) / out_clk /     -1.00000 para top(01)
Mensaje Y / 00:00:00:006 / timer(02) / out_count /      6.00000 para top(01)
Mensaje D / 00:00:00:006 / timer(02) / 00:00:00:001 para top(01)
Mensaje Y / 00:00:00:006 / top(01) / clk_control /     -1.00000 para Root(00)
Mensaje X / 00:00:00:006 / top(01) / m_incount /      6.00000 para controller(03)
Mensaje D / 00:00:00:006 / controller(03) / 00:00:00:000 para top(01)
Mensaje D / 00:00:00:006 / top(01) / 00:00:00:000 para Root(00)
Mensaje * / 00:00:00:006 / Root(00) para top(01)
Mensaje * / 00:00:00:006 / top(01) para controller(03)
Mensaje Y / 00:00:00:006 / controller(03) / m_outoff /      1.00000 para top(01)
Mensaje Y / 00:00:00:006 / controller(03) / m_outfire /      1.00000 para top(01)
Mensaje D / 00:00:00:006 / controller(03) / ... para top(01)
Mensaje X / 00:00:00:006 / top(01) / m_inturnoff /      1.00000 para timer(02)
Mensaje Y / 00:00:00:006 / top(01) / neuron_out /      1.00000 para Root(00)
Mensaje D / 00:00:00:006 / timer(02) / ... para top(01)
Mensaje D / 00:00:00:006 / top(01) / ... para Root(00)
Mensaje X / 00:00:00:007 / Root(00) / neuron_off /      1.00000 para top(01)
Mensaje X / 00:00:00:007 / top(01) / m_in /      1.00000 para controller(03)
Mensaje D / 00:00:00:007 / controller(03) / 00:00:00:001 para top(01)
Mensaje D / 00:00:00:007 / top(01) / 00:00:00:001 para Root(00)
Mensaje X / 00:00:00:008 / Root(00) / neuron_off /      1.00000 para top(01)
Mensaje X / 00:00:00:008 / top(01) / m_in /      1.00000 para controller(03)
Mensaje D / 00:00:00:008 / controller(03) / ... para top(01)
Mensaje D / 00:00:00:008 / top(01) / ... para Root(00)
Mensaje X / 00:00:00:009 / Root(00) / neuron_off /      1.00000 para top(01)
Mensaje X / 00:00:00:009 / top(01) / m_in /      1.00000 para controller(03)
Mensaje D / 00:00:00:009 / controller(03) / 00:00:00:001 para top(01)
Mensaje D / 00:00:00:009 / top(01) / 00:00:00:001 para Root(00)
Mensaje X / 00:00:00:010 / Root(00) / neuron_off /      1.00000 para top(01)
Mensaje X / 00:00:00:010 / top(01) / m_in /      1.00000 para controller(03)
Mensaje D / 00:00:00:010 / controller(03) / ... para top(01)
Mensaje D / 00:00:00:010 / top(01) / ... para Root(00)
Mensaje X / 00:00:00:011 / Root(00) / neuron_off /      1.00000 para top(01)
Mensaje X / 00:00:00:011 / top(01) / m_in /      1.00000 para controller(03)
Mensaje D / 00:00:00:011 / controller(03) / 00:00:00:001 para top(01)
Mensaje D / 00:00:00:011 / top(01) / 00:00:00:001 para Root(00)
Mensaje X / 00:00:00:012 / Root(00) / neuron_off /      1.00000 para top(01)
Mensaje X / 00:00:00:012 / top(01) / m_in /      1.00000 para controller(03)
Mensaje D / 00:00:00:012 / controller(03) / ... para top(01)
Mensaje D / 00:00:00:012 / top(01) / ... para Root(00)
Mensaje X / 00:00:00:014 / Root(00) / neuron_on /      1.00000 para top(01)
Mensaje X / 00:00:00:014 / top(01) / m_inturnon /      1.00000 para timer(02)
Mensaje D / 00:00:00:014 / timer(02) / 00:00:00:001 para top(01)
Mensaje D / 00:00:00:014 / top(01) / 00:00:00:001 para Root(00)
Mensaje * / 00:00:00:015 / Root(00) para top(01)
Mensaje * / 00:00:00:015 / top(01) para timer(02)
Mensaje Y / 00:00:00:015 / timer(02) / out_clk /      1.00000 para top(01)
Mensaje Y / 00:00:00:015 / timer(02) / out_count /      1.00000 para top(01)
Mensaje D / 00:00:00:015 / timer(02) / 00:00:00:001 para top(01)
Mensaje Y / 00:00:00:015 / top(01) / clk_control /      1.00000 para Root(00)
Mensaje X / 00:00:00:015 / top(01) / m_incount /      1.00000 para controller(03)
Mensaje D / 00:00:00:015 / controller(03) / ... para top(01)
Mensaje D / 00:00:00:015 / top(01) / 00:00:00:001 para Root(00)
Mensaje X / 00:00:00:016 / Root(00) / neuron_off /      1.00000 para top(01)
Mensaje X / 00:00:00:016 / top(01) / m_in /      1.00000 para controller(03)
Mensaje D / 00:00:00:016 / controller(03) / 00:00:00:001 para top(01)
Mensaje D / 00:00:00:016 / top(01) / 00:00:00:000 para Root(00)
Mensaje * / 00:00:00:016 / Root(00) para top(01)
Mensaje * / 00:00:00:016 / top(01) para timer(02)
Mensaje Y / 00:00:00:016 / timer(02) / out_clk /     -1.00000 para top(01)
Mensaje Y / 00:00:00:016 / timer(02) / out_count /      2.00000 para top(01)
Mensaje D / 00:00:00:016 / timer(02) / 00:00:00:001 para top(01)
Mensaje Y / 00:00:00:016 / top(01) / clk_control /     -1.00000 para Root(00)
Mensaje X / 00:00:00:016 / top(01) / m_incount /      2.00000 para controller(03)
Mensaje D / 00:00:00:016 / controller(03) / 00:00:00:000 para top(01)
Mensaje D / 00:00:00:016 / top(01) / 00:00:00:000 para Root(00)
Mensaje * / 00:00:00:016 / Root(00) para top(01)
Mensaje * / 00:00:00:016 / top(01) para controller(03)
Mensaje Y / 00:00:00:016 / controller(03) / m_outoff /      1.00000 para top(01)
Mensaje Y / 00:00:00:016 / controller(03) / m_outfire /      0.00000 para top(01)
Mensaje D / 00:00:00:016 / controller(03) / ... para top(01)
Mensaje X / 00:00:00:016 / top(01) / m_inturnoff /      1.00000 para timer(02)
Mensaje Y / 00:00:00:016 / top(01) / neuron_out /      0.00000 para Root(00)
Mensaje D / 00:00:00:016 / timer(02) / ... para top(01)
Mensaje D / 00:00:00:016 / top(01) / ... para Root(00)
Mensaje X / 00:00:00:017 / Root(00) / neuron_off /      1.00000 para top(01)
Mensaje X / 00:00:00:017 / top(01) / m_in /      1.00000 para controller(03)
Mensaje D / 00:00:00:017 / controller(03) / 00:00:00:001 para top(01)
Mensaje D / 00:00:00:017 / top(01) / 00:00:00:001 para Root(00)
Mensaje X / 00:00:00:018 / Root(00) / neuron_off /      1.00000 para top(01)
Mensaje X / 00:00:00:018 / top(01) / m_in /      1.00000 para controller(03)
Mensaje D / 00:00:00:018 / controller(03) / ... para top(01)
Mensaje D / 00:00:00:018 / top(01) / ... para Root(00)
Mensaje X / 00:00:00:019 / Root(00) / neuron_on /      1.00000 para top(01)
Mensaje X / 00:00:00:019 / top(01) / m_inturnon /      1.00000 para timer(02)
Mensaje D / 00:00:00:019 / timer(02) / 00:00:00:001 para top(01)
Mensaje D / 00:00:00:019 / top(01) / 00:00:00:001 para Root(00)
Mensaje * / 00:00:00:020 / Root(00) para top(01)
Mensaje * / 00:00:00:020 / top(01) para timer(02)
Mensaje Y / 00:00:00:020 / timer(02) / out_clk /      1.00000 para top(01)
Mensaje Y / 00:00:00:020 / timer(02) / out_count /      1.00000 para top(01)
Mensaje D / 00:00:00:020 / timer(02) / 00:00:00:001 para top(01)
Mensaje Y / 00:00:00:020 / top(01) / clk_control /      1.00000 para Root(00)
Mensaje X / 00:00:00:020 / top(01) / m_incount /      1.00000 para controller(03)
Mensaje D / 00:00:00:020 / controller(03) / ... para top(01)
Mensaje D / 00:00:00:020 / top(01) / 00:00:00:001 para Root(00)
Mensaje * / 00:00:00:021 / Root(00) para top(01)
Mensaje * / 00:00:00:021 / top(01) para timer(02)
Mensaje Y / 00:00:00:021 / timer(02) / out_clk /     -1.00000 para top(01)
Mensaje Y / 00:00:00:021 / timer(02) / out_count /      2.00000 para top(01)
Mensaje D / 00:00:00:021 / timer(02) / 00:00:00:001 para top(01)
Mensaje Y / 00:00:00:021 / top(01) / clk_control /     -1.00000 para Root(00)
Mensaje X / 00:00:00:021 / top(01) / m_incount /      2.00000 para controller(03)
Mensaje D / 00:00:00:021 / controller(03) / ... para top(01)
Mensaje D / 00:00:00:021 / top(01) / 00:00:00:001 para Root(00)
Mensaje * / 00:00:00:022 / Root(00) para top(01)
Mensaje * / 00:00:00:022 / top(01) para timer(02)
Mensaje Y / 00:00:00:022 / timer(02) / out_clk /      1.00000 para top(01)
Mensaje Y / 00:00:00:022 / timer(02) / out_count /      3.00000 para top(01)
Mensaje D / 00:00:00:022 / timer(02) / 00:00:00:001 para top(01)
Mensaje Y / 00:00:00:022 / top(01) / clk_control /      1.00000 para Root(00)
Mensaje X / 00:00:00:022 / top(01) / m_incount /      3.00000 para controller(03)
Mensaje D / 00:00:00:022 / controller(03) / ... para top(01)
Mensaje D / 00:00:00:022 / top(01) / 00:00:00:001 para Root(00)
Mensaje * / 00:00:00:023 / Root(00) para top(01)
Mensaje * / 00:00:00:023 / top(01) para timer(02)
Mensaje Y / 00:00:00:023 / timer(02) / out_clk /     -1.00000 para top(01)
Mensaje Y / 00:00:00:023 / timer(02) / out_count /      4.00000 para top(01)
Mensaje D / 00:00:00:023 / timer(02) / 00:00:00:001 para top(01)
Mensaje Y / 00:00:00:023 / top(01) / clk_control /     -1.00000 para Root(00)
Mensaje X / 00:00:00:023 / top(01) / m_incount /      4.00000 para controller(03)
Mensaje D / 00:00:00:023 / controller(03) / ... para top(01)
Mensaje D / 00:00:00:023 / top(01) / 00:00:00:001 para Root(00)
Mensaje * / 00:00:00:024 / Root(00) para top(01)
Mensaje * / 00:00:00:024 / top(01) para timer(02)
Mensaje Y / 00:00:00:024 / timer(02) / out_clk /      1.00000 para top(01)
Mensaje Y / 00:00:00:024 / timer(02) / out_count /      5.00000 para top(01)
Mensaje D / 00:00:00:024 / timer(02) / 00:00:00:001 para top(01)
Mensaje Y / 00:00:00:024 / top(01) / clk_control /      1.00000 para Root(00)
Mensaje X / 00:00:00:024 / top(01) / m_incount /      5.00000 para controller(03)
Mensaje D / 00:00:00:024 / controller(03) / ... para top(01)
Mensaje D / 00:00:00:024 / top(01) / 00:00:00:001 para Root(00)
Mensaje * / 00:00:00:025 / Root(00) para top(01)
Mensaje * / 00:00:00:025 / top(01) para timer(02)
Mensaje Y / 00:00:00:025 / timer(02) / out_clk /     -1.00000 para top(01)
Mensaje Y / 00:00:00:025 / timer(02) / out_count /      6.00000 para top(01)
Mensaje D / 00:00:00:025 / timer(02) / 00:00:00:001 para top(01)
Mensaje Y / 00:00:00:025 / top(01) / clk_control /     -1.00000 para Root(00)
Mensaje X / 00:00:00:025 / top(01) / m_incount /      6.00000 para controller(03)
Mensaje D / 00:00:00:025 / controller(03) / ... para top(01)
Mensaje D / 00:00:00:025 / top(01) / 00:00:00:001 para Root(00)
Mensaje * / 00:00:00:026 / Root(00) para top(01)
Mensaje * / 00:00:00:026 / top(01) para timer(02)
Mensaje Y / 00:00:00:026 / timer(02) / out_clk /      1.00000 para top(01)
Mensaje Y / 00:00:00:026 / timer(02) / out_count /      7.00000 para top(01)
Mensaje D / 00:00:00:026 / timer(02) / 00:00:00:001 para top(01)
Mensaje Y / 00:00:00:026 / top(01) / clk_control /      1.00000 para Root(00)
Mensaje X / 00:00:00:026 / top(01) / m_incount /      7.00000 para controller(03)
Mensaje D / 00:00:00:026 / controller(03) / ... para top(01)
Mensaje D / 00:00:00:026 / top(01) / 00:00:00:001 para Root(00)
Mensaje * / 00:00:00:027 / Root(00) para top(01)
Mensaje * / 00:00:00:027 / top(01) para timer(02)
Mensaje Y / 00:00:00:027 / timer(02) / out_clk /     -1.00000 para top(01)
Mensaje Y / 00:00:00:027 / timer(02) / out_count /      8.00000 para top(01)
Mensaje D / 00:00:00:027 / timer(02) / 00:00:00:001 para top(01)
Mensaje Y / 00:00:00:027 / top(01) / clk_control /     -1.00000 para Root(00)
Mensaje X / 00:00:00:027 / top(01) / m_incount /      8.00000 para controller(03)
Mensaje D / 00:00:00:027 / controller(03) / ... para top(01)
Mensaje D / 00:00:00:027 / top(01) / 00:00:00:001 para Root(00)
Mensaje * / 00:00:00:028 / Root(00) para top(01)
Mensaje * / 00:00:00:028 / top(01) para timer(02)
Mensaje Y / 00:00:00:028 / timer(02) / out_clk /      1.00000 para top(01)
Mensaje Y / 00:00:00:028 / timer(02) / out_count /      9.00000 para top(01)
Mensaje D / 00:00:00:028 / timer(02) / 00:00:00:001 para top(01)
Mensaje Y / 00:00:00:028 / top(01) / clk_control /      1.00000 para Root(00)
Mensaje X / 00:00:00:028 / top(01) / m_incount /      9.00000 para controller(03)
Mensaje D / 00:00:00:028 / controller(03) / ... para top(01)
Mensaje D / 00:00:00:028 / top(01) / 00:00:00:001 para Root(00)
Mensaje X / 00:00:00:029 / Root(00) / neuron_off /      1.00000 para top(01)
Mensaje X / 00:00:00:029 / top(01) / m_in /      1.00000 para controller(03)
Mensaje D / 00:00:00:029 / controller(03) / 00:00:00:001 para top(01)
Mensaje D / 00:00:00:029 / top(01) / 00:00:00:000 para Root(00)
Mensaje * / 00:00:00:029 / Root(00) para top(01)
Mensaje * / 00:00:00:029 / top(01) para timer(02)
Mensaje Y / 00:00:00:029 / timer(02) / out_clk /     -1.00000 para top(01)
Mensaje Y / 00:00:00:029 / timer(02) / out_count /     10.00000 para top(01)
Mensaje D / 00:00:00:029 / timer(02) / 00:00:00:001 para top(01)
Mensaje Y / 00:00:00:029 / top(01) / clk_control /     -1.00000 para Root(00)
Mensaje X / 00:00:00:029 / top(01) / m_incount /     10.00000 para controller(03)
Mensaje D / 00:00:00:029 / controller(03) / 00:00:00:000 para top(01)
Mensaje D / 00:00:00:029 / top(01) / 00:00:00:000 para Root(00)
Mensaje * / 00:00:00:029 / Root(00) para top(01)
Mensaje * / 00:00:00:029 / top(01) para controller(03)
Mensaje Y / 00:00:00:029 / controller(03) / m_outoff /      1.00000 para top(01)
Mensaje Y / 00:00:00:029 / controller(03) / m_outfire /      0.00000 para top(01)
Mensaje D / 00:00:00:029 / controller(03) / ... para top(01)
Mensaje X / 00:00:00:029 / top(01) / m_inturnoff /      1.00000 para timer(02)
Mensaje Y / 00:00:00:029 / top(01) / neuron_out /      0.00000 para Root(00)
Mensaje D / 00:00:00:029 / timer(02) / ... para top(01)
Mensaje D / 00:00:00:029 / top(01) / ... para Root(00)
Mensaje X / 00:00:00:031 / Root(00) / neuron_on /      1.00000 para top(01)
Mensaje X / 00:00:00:031 / top(01) / m_inturnon /      1.00000 para timer(02)
Mensaje D / 00:00:00:031 / timer(02) / 00:00:00:001 para top(01)
Mensaje D / 00:00:00:031 / top(01) / 00:00:00:001 para Root(00)
Mensaje * / 00:00:00:032 / Root(00) para top(01)
Mensaje * / 00:00:00:032 / top(01) para timer(02)
Mensaje Y / 00:00:00:032 / timer(02) / out_clk /      1.00000 para top(01)
Mensaje Y / 00:00:00:032 / timer(02) / out_count /      1.00000 para top(01)
Mensaje D / 00:00:00:032 / timer(02) / 00:00:00:001 para top(01)
Mensaje Y / 00:00:00:032 / top(01) / clk_control /      1.00000 para Root(00)
Mensaje X / 00:00:00:032 / top(01) / m_incount /      1.00000 para controller(03)
Mensaje D / 00:00:00:032 / controller(03) / ... para top(01)
Mensaje D / 00:00:00:032 / top(01) / 00:00:00:001 para Root(00)
Mensaje * / 00:00:00:033 / Root(00) para top(01)
Mensaje * / 00:00:00:033 / top(01) para timer(02)
Mensaje Y / 00:00:00:033 / timer(02) / out_clk /     -1.00000 para top(01)
Mensaje Y / 00:00:00:033 / timer(02) / out_count /      2.00000 para top(01)
Mensaje D / 00:00:00:033 / timer(02) / 00:00:00:001 para top(01)
Mensaje Y / 00:00:00:033 / top(01) / clk_control /     -1.00000 para Root(00)
Mensaje X / 00:00:00:033 / top(01) / m_incount /      2.00000 para controller(03)
Mensaje D / 00:00:00:033 / controller(03) / ... para top(01)
Mensaje D / 00:00:00:033 / top(01) / 00:00:00:001 para Root(00)
Mensaje * / 00:00:00:034 / Root(00) para top(01)
Mensaje * / 00:00:00:034 / top(01) para timer(02)
Mensaje Y / 00:00:00:034 / timer(02) / out_clk /      1.00000 para top(01)
Mensaje Y / 00:00:00:034 / timer(02) / out_count /      3.00000 para top(01)
Mensaje D / 00:00:00:034 / timer(02) / 00:00:00:001 para top(01)
Mensaje Y / 00:00:00:034 / top(01) / clk_control /      1.00000 para Root(00)
Mensaje X / 00:00:00:034 / top(01) / m_incount /      3.00000 para controller(03)
Mensaje D / 00:00:00:034 / controller(03) / ... para top(01)
Mensaje D / 00:00:00:034 / top(01) / 00:00:00:001 para Root(00)
Mensaje * / 00:00:00:035 / Root(00) para top(01)
Mensaje * / 00:00:00:035 / top(01) para timer(02)
Mensaje Y / 00:00:00:035 / timer(02) / out_clk /     -1.00000 para top(01)
Mensaje Y / 00:00:00:035 / timer(02) / out_count /      4.00000 para top(01)
Mensaje D / 00:00:00:035 / timer(02) / 00:00:00:001 para top(01)
Mensaje Y / 00:00:00:035 / top(01) / clk_control /     -1.00000 para Root(00)
Mensaje X / 00:00:00:035 / top(01) / m_incount /      4.00000 para controller(03)
Mensaje D / 00:00:00:035 / controller(03) / ... para top(01)
Mensaje D / 00:00:00:035 / top(01) / 00:00:00:001 para Root(00)
Mensaje X / 00:00:00:036 / Root(00) / neuron_off /      1.00000 para top(01)
Mensaje X / 00:00:00:036 / top(01) / m_in /      1.00000 para controller(03)
Mensaje D / 00:00:00:036 / controller(03) / 00:00:00:001 para top(01)
Mensaje D / 00:00:00:036 / top(01) / 00:00:00:000 para Root(00)
Mensaje * / 00:00:00:036 / Root(00) para top(01)
Mensaje * / 00:00:00:036 / top(01) para timer(02)
Mensaje Y / 00:00:00:036 / timer(02) / out_clk /      1.00000 para top(01)
Mensaje Y / 00:00:00:036 / timer(02) / out_count /      5.00000 para top(01)
Mensaje D / 00:00:00:036 / timer(02) / 00:00:00:001 para top(01)
Mensaje Y / 00:00:00:036 / top(01) / clk_control /      1.00000 para Root(00)
Mensaje X / 00:00:00:036 / top(01) / m_incount /      5.00000 para controller(03)
Mensaje D / 00:00:00:036 / controller(03) / 00:00:00:000 para top(01)
Mensaje D / 00:00:00:036 / top(01) / 00:00:00:000 para Root(00)
Mensaje * / 00:00:00:036 / Root(00) para top(01)
Mensaje * / 00:00:00:036 / top(01) para controller(03)
Mensaje Y / 00:00:00:036 / controller(03) / m_outoff /      1.00000 para top(01)
Mensaje Y / 00:00:00:036 / controller(03) / m_outfire /      1.00000 para top(01)
Mensaje D / 00:00:00:036 / controller(03) / ... para top(01)
Mensaje X / 00:00:00:036 / top(01) / m_inturnoff /      1.00000 para timer(02)
Mensaje Y / 00:00:00:036 / top(01) / neuron_out /      1.00000 para Root(00)
Mensaje D / 00:00:00:036 / timer(02) / ... para top(01)
Mensaje D / 00:00:00:036 / top(01) / ... para Root(00)
Mensaje X / 00:00:00:038 / Root(00) / neuron_on /      1.00000 para top(01)
Mensaje X / 00:00:00:038 / top(01) / m_inturnon /      1.00000 para timer(02)
Mensaje D / 00:00:00:038 / timer(02) / 00:00:00:001 para top(01)
Mensaje D / 00:00:00:038 / top(01) / 00:00:00:001 para Root(00)
Mensaje * / 00:00:00:039 / Root(00) para top(01)
Mensaje * / 00:00:00:039 / top(01) para timer(02)
Mensaje Y / 00:00:00:039 / timer(02) / out_clk /      1.00000 para top(01)
Mensaje Y / 00:00:00:039 / timer(02) / out_count /      1.00000 para top(01)
Mensaje D / 00:00:00:039 / timer(02) / 00:00:00:001 para top(01)
Mensaje Y / 00:00:00:039 / top(01) / clk_control /      1.00000 para Root(00)
Mensaje X / 00:00:00:039 / top(01) / m_incount /      1.00000 para controller(03)
Mensaje D / 00:00:00:039 / controller(03) / ... para top(01)
Mensaje D / 00:00:00:039 / top(01) / 00:00:00:001 para Root(00)
Mensaje * / 00:00:00:040 / Root(00) para top(01)
Mensaje * / 00:00:00:040 / top(01) para timer(02)
Mensaje Y / 00:00:00:040 / timer(02) / out_clk /     -1.00000 para top(01)
Mensaje Y / 00:00:00:040 / timer(02) / out_count /      2.00000 para top(01)
Mensaje D / 00:00:00:040 / timer(02) / 00:00:00:001 para top(01)
Mensaje Y / 00:00:00:040 / top(01) / clk_control /     -1.00000 para Root(00)
Mensaje X / 00:00:00:040 / top(01) / m_incount /      2.00000 para controller(03)
Mensaje D / 00:00:00:040 / controller(03) / ... para top(01)
Mensaje D / 00:00:00:040 / top(01) / 00:00:00:001 para Root(00)
Mensaje * / 00:00:00:041 / Root(00) para top(01)
Mensaje * / 00:00:00:041 / top(01) para timer(02)
Mensaje Y / 00:00:00:041 / timer(02) / out_clk /      1.00000 para top(01)
Mensaje Y / 00:00:00:041 / timer(02) / out_count /      3.00000 para top(01)
Mensaje D / 00:00:00:041 / timer(02) / 00:00:00:001 para top(01)
Mensaje Y / 00:00:00:041 / top(01) / clk_control /      1.00000 para Root(00)
Mensaje X / 00:00:00:041 / top(01) / m_incount /      3.00000 para controller(03)
Mensaje D / 00:00:00:041 / controller(03) / ... para top(01)
Mensaje D / 00:00:00:041 / top(01) / 00:00:00:001 para Root(00)
Mensaje * / 00:00:00:042 / Root(00) para top(01)
Mensaje * / 00:00:00:042 / top(01) para timer(02)
Mensaje Y / 00:00:00:042 / timer(02) / out_clk /     -1.00000 para top(01)
Mensaje Y / 00:00:00:042 / timer(02) / out_count /      4.00000 para top(01)
Mensaje D / 00:00:00:042 / timer(02) / 00:00:00:001 para top(01)
Mensaje Y / 00:00:00:042 / top(01) / clk_control /     -1.00000 para Root(00)
Mensaje X / 00:00:00:042 / top(01) / m_incount /      4.00000 para controller(03)
Mensaje D / 00:00:00:042 / controller(03) / ... para top(01)
Mensaje D / 00:00:00:042 / top(01) / 00:00:00:001 para Root(00)
Mensaje * / 00:00:00:043 / Root(00) para top(01)
Mensaje * / 00:00:00:043 / top(01) para timer(02)
Mensaje Y / 00:00:00:043 / timer(02) / out_clk /      1.00000 para top(01)
Mensaje Y / 00:00:00:043 / timer(02) / out_count /      5.00000 para top(01)
Mensaje D / 00:00:00:043 / timer(02) / 00:00:00:001 para top(01)
Mensaje Y / 00:00:00:043 / top(01) / clk_control /      1.00000 para Root(00)
Mensaje X / 00:00:00:043 / top(01) / m_incount /      5.00000 para controller(03)
Mensaje D / 00:00:00:043 / controller(03) / ... para top(01)
Mensaje D / 00:00:00:043 / top(01) / 00:00:00:001 para Root(00)
Mensaje * / 00:00:00:044 / Root(00) para top(01)
Mensaje * / 00:00:00:044 / top(01) para timer(02)
Mensaje Y / 00:00:00:044 / timer(02) / out_clk /     -1.00000 para top(01)
Mensaje Y / 00:00:00:044 / timer(02) / out_count /      6.00000 para top(01)
Mensaje D / 00:00:00:044 / timer(02) / 00:00:00:001 para top(01)
Mensaje Y / 00:00:00:044 / top(01) / clk_control /     -1.00000 para Root(00)
Mensaje X / 00:00:00:044 / top(01) / m_incount /      6.00000 para controller(03)
Mensaje D / 00:00:00:044 / controller(03) / ... para top(01)
Mensaje D / 00:00:00:044 / top(01) / 00:00:00:001 para Root(00)
Mensaje * / 00:00:00:045 / Root(00) para top(01)
Mensaje * / 00:00:00:045 / top(01) para timer(02)
Mensaje Y / 00:00:00:045 / timer(02) / out_clk /      1.00000 para top(01)
Mensaje Y / 00:00:00:045 / timer(02) / out_count /      7.00000 para top(01)
Mensaje D / 00:00:00:045 / timer(02) / 00:00:00:001 para top(01)
Mensaje Y / 00:00:00:045 / top(01) / clk_control /      1.00000 para Root(00)
Mensaje X / 00:00:00:045 / top(01) / m_incount /      7.00000 para controller(03)
Mensaje D / 00:00:00:045 / controller(03) / ... para top(01)
Mensaje D / 00:00:00:045 / top(01) / 00:00:00:001 para Root(00)
Mensaje X / 00:00:00:046 / Root(00) / neuron_off /      1.00000 para top(01)
Mensaje X / 00:00:00:046 / top(01) / m_in /      1.00000 para controller(03)
Mensaje D / 00:00:00:046 / controller(03) / 00:00:00:001 para top(01)
Mensaje D / 00:00:00:046 / top(01) / 00:00:00:000 para Root(00)
Mensaje * / 00:00:00:046 / Root(00) para top(01)
Mensaje * / 00:00:00:046 / top(01) para timer(02)
Mensaje Y / 00:00:00:046 / timer(02) / out_clk /     -1.00000 para top(01)
Mensaje Y / 00:00:00:046 / timer(02) / out_count /      8.00000 para top(01)
Mensaje D / 00:00:00:046 / timer(02) / 00:00:00:001 para top(01)
Mensaje Y / 00:00:00:046 / top(01) / clk_control /     -1.00000 para Root(00)
Mensaje X / 00:00:00:046 / top(01) / m_incount /      8.00000 para controller(03)
Mensaje D / 00:00:00:046 / controller(03) / 00:00:00:000 para top(01)
Mensaje D / 00:00:00:046 / top(01) / 00:00:00:000 para Root(00)
Mensaje * / 00:00:00:046 / Root(00) para top(01)
Mensaje * / 00:00:00:046 / top(01) para controller(03)
Mensaje Y / 00:00:00:046 / controller(03) / m_outoff /      1.00000 para top(01)
Mensaje Y / 00:00:00:046 / controller(03) / m_outfire /      1.00000 para top(01)
Mensaje D / 00:00:00:046 / controller(03) / ... para top(01)
Mensaje X / 00:00:00:046 / top(01) / m_inturnoff /      1.00000 para timer(02)
Mensaje Y / 00:00:00:046 / top(01) / neuron_out /      1.00000 para Root(00)
Mensaje D / 00:00:00:046 / timer(02) / ... para top(01)
Mensaje D / 00:00:00:046 / top(01) / ... para Root(00)
Mensaje X / 00:00:00:048 / Root(00) / neuron_on /      1.00000 para top(01)
Mensaje X / 00:00:00:048 / top(01) / m_inturnon /      1.00000 para timer(02)
Mensaje D / 00:00:00:048 / timer(02) / 00:00:00:001 para top(01)
Mensaje D / 00:00:00:048 / top(01) / 00:00:00:001 para Root(00)
Mensaje X / 00:00:00:049 / Root(00) / neuron_on /      1.00000 para top(01)
Mensaje X / 00:00:00:049 / top(01) / m_inturnon /      1.00000 para timer(02)
Mensaje D / 00:00:00:049 / timer(02) / 00:00:00:000 para top(01)
Mensaje D / 00:00:00:049 / top(01) / 00:00:00:000 para Root(00)
Mensaje * / 00:00:00:049 / Root(00) para top(01)
Mensaje * / 00:00:00:049 / top(01) para timer(02)
Mensaje Y / 00:00:00:049 / timer(02) / out_clk /      1.00000 para top(01)
Mensaje Y / 00:00:00:049 / timer(02) / out_count /      1.00000 para top(01)
Mensaje D / 00:00:00:049 / timer(02) / 00:00:00:001 para top(01)
Mensaje Y / 00:00:00:049 / top(01) / clk_control /      1.00000 para Root(00)
Mensaje X / 00:00:00:049 / top(01) / m_incount /      1.00000 para controller(03)
Mensaje D / 00:00:00:049 / controller(03) / ... para top(01)
Mensaje D / 00:00:00:049 / top(01) / 00:00:00:001 para Root(00)
Mensaje X / 00:00:00:050 / Root(00) / neuron_on /      1.00000 para top(01)
Mensaje X / 00:00:00:050 / top(01) / m_inturnon /      1.00000 para timer(02)
Mensaje D / 00:00:00:050 / timer(02) / 00:00:00:000 para top(01)
Mensaje D / 00:00:00:050 / top(01) / 00:00:00:000 para Root(00)
Mensaje * / 00:00:00:050 / Root(00) para top(01)
Mensaje * / 00:00:00:050 / top(01) para timer(02)
Mensaje Y / 00:00:00:050 / timer(02) / out_clk /     -1.00000 para top(01)
Mensaje Y / 00:00:00:050 / timer(02) / out_count /      2.00000 para top(01)
Mensaje D / 00:00:00:050 / timer(02) / 00:00:00:001 para top(01)
Mensaje Y / 00:00:00:050 / top(01) / clk_control /     -1.00000 para Root(00)
Mensaje X / 00:00:00:050 / top(01) / m_incount /      2.00000 para controller(03)
Mensaje D / 00:00:00:050 / controller(03) / ... para top(01)
Mensaje D / 00:00:00:050 / top(01) / 00:00:00:001 para Root(00)
Mensaje X / 00:00:00:051 / Root(00) / neuron_on /      1.00000 para top(01)
Mensaje X / 00:00:00:051 / top(01) / m_inturnon /      1.00000 para timer(02)
Mensaje D / 00:00:00:051 / timer(02) / 00:00:00:000 para top(01)
Mensaje D / 00:00:00:051 / top(01) / 00:00:00:000 para Root(00)
Mensaje * / 00:00:00:051 / Root(00) para top(01)
Mensaje * / 00:00:00:051 / top(01) para timer(02)
Mensaje Y / 00:00:00:051 / timer(02) / out_clk /      1.00000 para top(01)
Mensaje Y / 00:00:00:051 / timer(02) / out_count /      3.00000 para top(01)
Mensaje D / 00:00:00:051 / timer(02) / 00:00:00:001 para top(01)
Mensaje Y / 00:00:00:051 / top(01) / clk_control /      1.00000 para Root(00)
Mensaje X / 00:00:00:051 / top(01) / m_incount /      3.00000 para controller(03)
Mensaje D / 00:00:00:051 / controller(03) / ... para top(01)
Mensaje D / 00:00:00:051 / top(01) / 00:00:00:001 para Root(00)
Mensaje X / 00:00:00:052 / Root(00) / neuron_on /      1.00000 para top(01)
Mensaje X / 00:00:00:052 / top(01) / m_inturnon /      1.00000 para timer(02)
Mensaje D / 00:00:00:052 / timer(02) / 00:00:00:000 para top(01)
Mensaje D / 00:00:00:052 / top(01) / 00:00:00:000 para Root(00)
Mensaje * / 00:00:00:052 / Root(00) para top(01)
Mensaje * / 00:00:00:052 / top(01) para timer(02)
Mensaje Y / 00:00:00:052 / timer(02) / out_clk /     -1.00000 para top(01)
Mensaje Y / 00:00:00:052 / timer(02) / out_count /      4.00000 para top(01)
Mensaje D / 00:00:00:052 / timer(02) / 00:00:00:001 para top(01)
Mensaje Y / 00:00:00:052 / top(01) / clk_control /     -1.00000 para Root(00)
Mensaje X / 00:00:00:052 / top(01) / m_incount /      4.00000 para controller(03)
Mensaje D / 00:00:00:052 / controller(03) / ... para top(01)
Mensaje D / 00:00:00:052 / top(01) / 00:00:00:001 para Root(00)
Mensaje X / 00:00:00:053 / Root(00) / neuron_on /      1.00000 para top(01)
Mensaje X / 00:00:00:053 / top(01) / m_inturnon /      1.00000 para timer(02)
Mensaje D / 00:00:00:053 / timer(02) / 00:00:00:000 para top(01)
Mensaje D / 00:00:00:053 / top(01) / 00:00:00:000 para Root(00)
Mensaje * / 00:00:00:053 / Root(00) para top(01)
Mensaje * / 00:00:00:053 / top(01) para timer(02)
Mensaje Y / 00:00:00:053 / timer(02) / out_clk /      1.00000 para top(01)
Mensaje Y / 00:00:00:053 / timer(02) / out_count /      5.00000 para top(01)
Mensaje D / 00:00:00:053 / timer(02) / 00:00:00:001 para top(01)
Mensaje Y / 00:00:00:053 / top(01) / clk_control /      1.00000 para Root(00)
Mensaje X / 00:00:00:053 / top(01) / m_incount /      5.00000 para controller(03)
Mensaje D / 00:00:00:053 / controller(03) / ... para top(01)
Mensaje D / 00:00:00:053 / top(01) / 00:00:00:001 para Root(00)
Mensaje X / 00:00:00:054 / Root(00) / neuron_off /      1.00000 para top(01)
Mensaje X / 00:00:00:054 / top(01) / m_in /      1.00000 para controller(03)
Mensaje D / 00:00:00:054 / controller(03) / 00:00:00:001 para top(01)
Mensaje D / 00:00:00:054 / top(01) / 00:00:00:000 para Root(00)
Mensaje * / 00:00:00:054 / Root(00) para top(01)
Mensaje * / 00:00:00:054 / top(01) para timer(02)
Mensaje Y / 00:00:00:054 / timer(02) / out_clk /     -1.00000 para top(01)
Mensaje Y / 00:00:00:054 / timer(02) / out_count /      6.00000 para top(01)
Mensaje D / 00:00:00:054 / timer(02) / 00:00:00:001 para top(01)
Mensaje Y / 00:00:00:054 / top(01) / clk_control /     -1.00000 para Root(00)
Mensaje X / 00:00:00:054 / top(01) / m_incount /      6.00000 para controller(03)
Mensaje D / 00:00:00:054 / controller(03) / 00:00:00:000 para top(01)
Mensaje D / 00:00:00:054 / top(01) / 00:00:00:000 para Root(00)
Mensaje * / 00:00:00:054 / Root(00) para top(01)
Mensaje * / 00:00:00:054 / top(01) para controller(03)
Mensaje Y / 00:00:00:054 / controller(03) / m_outoff /      1.00000 para top(01)
Mensaje Y / 00:00:00:054 / controller(03) / m_outfire /      1.00000 para top(01)
Mensaje D / 00:00:00:054 / controller(03) / ... para top(01)
Mensaje X / 00:00:00:054 / top(01) / m_inturnoff /      1.00000 para timer(02)
Mensaje Y / 00:00:00:054 / top(01) / neuron_out /      1.00000 para Root(00)
Mensaje D / 00:00:00:054 / timer(02) / ... para top(01)
Mensaje D / 00:00:00:054 / top(01) / ... para Root(00)
