Mensaje I / 00:00:00:000 / Root(00) para top(01)
Mensaje I / 00:00:00:000 / top(01) para transformer(02)
Mensaje I / 00:00:00:000 / top(01) para neuron(05)
Mensaje I / 00:00:00:000 / transformer(02) para amp_1(03)
Mensaje I / 00:00:00:000 / transformer(02) para amp_2(04)
Mensaje I / 00:00:00:000 / neuron(05) para timer(06)
Mensaje I / 00:00:00:000 / neuron(05) para controller(07)
Mensaje D / 00:00:00:000 / amp_1(03) / 00:00:00:000 para transformer(02)
Mensaje D / 00:00:00:000 / amp_2(04) / 00:00:00:000 para transformer(02)
Mensaje D / 00:00:00:000 / timer(06) / 00:00:00:000 para neuron(05)
Mensaje D / 00:00:00:000 / controller(07) / 00:00:00:000 para neuron(05)
Mensaje D / 00:00:00:000 / transformer(02) / 00:00:00:000 para top(01)
Mensaje D / 00:00:00:000 / neuron(05) / 00:00:00:000 para top(01)
Mensaje D / 00:00:00:000 / top(01) / 00:00:00:000 para Root(00)
Mensaje X / 00:00:00:000 / Root(00) / in_2 /      0.20000 para top(01)
Mensaje X / 00:00:00:000 / top(01) / in_2 /      0.20000 para transformer(02)
Mensaje X / 00:00:00:000 / transformer(02) / in_2 /      0.20000 para amp_2(04)
Mensaje D / 00:00:00:000 / amp_2(04) / 00:00:00:000 para transformer(02)
Mensaje D / 00:00:00:000 / transformer(02) / 00:00:00:000 para top(01)
Mensaje D / 00:00:00:000 / top(01) / 00:00:00:000 para Root(00)
Mensaje X / 00:00:00:000 / Root(00) / in_1 /      0.10000 para top(01)
Mensaje X / 00:00:00:000 / top(01) / in_1 /      0.10000 para transformer(02)
Mensaje X / 00:00:00:000 / transformer(02) / in_1 /      0.10000 para amp_1(03)
Mensaje D / 00:00:00:000 / amp_1(03) / 00:00:00:000 para transformer(02)
Mensaje D / 00:00:00:000 / transformer(02) / 00:00:00:000 para top(01)
Mensaje D / 00:00:00:000 / top(01) / 00:00:00:000 para Root(00)
Mensaje * / 00:00:00:000 / Root(00) para top(01)
Mensaje * / 00:00:00:000 / top(01) para transformer(02)
Mensaje * / 00:00:00:000 / transformer(02) para amp_1(03)
Mensaje Y / 00:00:00:000 / amp_1(03) / out_1 /      1.00000 para transformer(02)
Mensaje D / 00:00:00:000 / amp_1(03) / ... para transformer(02)
Mensaje Y / 00:00:00:000 / transformer(02) / out_1 /      1.00000 para top(01)
Mensaje D / 00:00:00:000 / transformer(02) / 00:00:00:000 para top(01)
Mensaje X / 00:00:00:000 / top(01) / neuron_on /      1.00000 para neuron(05)
Mensaje X / 00:00:00:000 / neuron(05) / m_inturnon /      1.00000 para timer(06)
Mensaje D / 00:00:00:000 / timer(06) / 00:00:00:001 para neuron(05)
Mensaje D / 00:00:00:000 / neuron(05) / 00:00:00:000 para top(01)
Mensaje D / 00:00:00:000 / top(01) / 00:00:00:000 para Root(00)
Mensaje * / 00:00:00:000 / Root(00) para top(01)
Mensaje * / 00:00:00:000 / top(01) para transformer(02)
Mensaje * / 00:00:00:000 / transformer(02) para amp_2(04)
Mensaje Y / 00:00:00:000 / amp_2(04) / out_2 /      1.00000 para transformer(02)
Mensaje D / 00:00:00:000 / amp_2(04) / ... para transformer(02)
Mensaje Y / 00:00:00:000 / transformer(02) / out_2 /      1.00000 para top(01)
Mensaje D / 00:00:00:000 / transformer(02) / ... para top(01)
Mensaje X / 00:00:00:000 / top(01) / neuron_off /      1.00000 para neuron(05)
Mensaje X / 00:00:00:000 / neuron(05) / m_in /      1.00000 para controller(07)
Mensaje D / 00:00:00:000 / controller(07) / 00:00:00:001 para neuron(05)
Mensaje D / 00:00:00:000 / neuron(05) / 00:00:00:001 para top(01)
Mensaje D / 00:00:00:000 / top(01) / 00:00:00:001 para Root(00)
Mensaje X / 00:00:00:001 / Root(00) / in_1 /      0.10000 para top(01)
Mensaje X / 00:00:00:001 / top(01) / in_1 /      0.10000 para transformer(02)
Mensaje X / 00:00:00:001 / transformer(02) / in_1 /      0.10000 para amp_1(03)
Mensaje D / 00:00:00:001 / amp_1(03) / 00:00:00:000 para transformer(02)
Mensaje D / 00:00:00:001 / transformer(02) / 00:00:00:000 para top(01)
Mensaje D / 00:00:00:001 / top(01) / 00:00:00:000 para Root(00)
Mensaje * / 00:00:00:001 / Root(00) para top(01)
Mensaje * / 00:00:00:001 / top(01) para transformer(02)
Mensaje * / 00:00:00:001 / transformer(02) para amp_1(03)
Mensaje Y / 00:00:00:001 / amp_1(03) / out_1 /      1.00000 para transformer(02)
Mensaje D / 00:00:00:001 / amp_1(03) / ... para transformer(02)
Mensaje Y / 00:00:00:001 / transformer(02) / out_1 /      1.00000 para top(01)
Mensaje D / 00:00:00:001 / transformer(02) / ... para top(01)
Mensaje X / 00:00:00:001 / top(01) / neuron_on /      1.00000 para neuron(05)
Mensaje X / 00:00:00:001 / neuron(05) / m_inturnon /      1.00000 para timer(06)
Mensaje D / 00:00:00:001 / timer(06) / 00:00:00:000 para neuron(05)
Mensaje D / 00:00:00:001 / neuron(05) / 00:00:00:000 para top(01)
Mensaje D / 00:00:00:001 / top(01) / 00:00:00:000 para Root(00)
Mensaje * / 00:00:00:001 / Root(00) para top(01)
Mensaje * / 00:00:00:001 / top(01) para neuron(05)
Mensaje * / 00:00:00:001 / neuron(05) para timer(06)
Mensaje Y / 00:00:00:001 / timer(06) / out_clk /      1.00000 para neuron(05)
Mensaje Y / 00:00:00:001 / timer(06) / out_count /      1.00000 para neuron(05)
Mensaje D / 00:00:00:001 / timer(06) / 00:00:00:001 para neuron(05)
Mensaje Y / 00:00:00:001 / neuron(05) / clk_control /      1.00000 para top(01)
Mensaje X / 00:00:00:001 / neuron(05) / m_incount /      1.00000 para controller(07)
Mensaje Y / 00:00:00:001 / top(01) / control_output /      1.00000 para Root(00)
Mensaje D / 00:00:00:001 / controller(07) / 00:00:00:000 para neuron(05)
Mensaje D / 00:00:00:001 / neuron(05) / 00:00:00:000 para top(01)
Mensaje D / 00:00:00:001 / top(01) / 00:00:00:000 para Root(00)
Mensaje * / 00:00:00:001 / Root(00) para top(01)
Mensaje * / 00:00:00:001 / top(01) para neuron(05)
Mensaje * / 00:00:00:001 / neuron(05) para controller(07)
Mensaje Y / 00:00:00:001 / controller(07) / m_outoff /      1.00000 para neuron(05)
Mensaje Y / 00:00:00:001 / controller(07) / m_outfire /      0.00000 para neuron(05)
Mensaje D / 00:00:00:001 / controller(07) / ... para neuron(05)
Mensaje X / 00:00:00:001 / neuron(05) / m_inturnoff /      1.00000 para timer(06)
Mensaje Y / 00:00:00:001 / neuron(05) / neuron_out /      0.00000 para top(01)
Mensaje D / 00:00:00:001 / timer(06) / ... para neuron(05)
Mensaje Y / 00:00:00:001 / top(01) / terminal_output /      0.00000 para Root(00)
Mensaje D / 00:00:00:001 / neuron(05) / ... para top(01)
Mensaje D / 00:00:00:001 / top(01) / ... para Root(00)
Mensaje X / 00:00:00:006 / Root(00) / in_2 /      0.20000 para top(01)
Mensaje X / 00:00:00:006 / top(01) / in_2 /      0.20000 para transformer(02)
Mensaje X / 00:00:00:006 / transformer(02) / in_2 /      0.20000 para amp_2(04)
Mensaje D / 00:00:00:006 / amp_2(04) / 00:00:00:000 para transformer(02)
Mensaje D / 00:00:00:006 / transformer(02) / 00:00:00:000 para top(01)
Mensaje D / 00:00:00:006 / top(01) / 00:00:00:000 para Root(00)
Mensaje * / 00:00:00:006 / Root(00) para top(01)
Mensaje * / 00:00:00:006 / top(01) para transformer(02)
Mensaje * / 00:00:00:006 / transformer(02) para amp_2(04)
Mensaje Y / 00:00:00:006 / amp_2(04) / out_2 /      1.00000 para transformer(02)
Mensaje D / 00:00:00:006 / amp_2(04) / ... para transformer(02)
Mensaje Y / 00:00:00:006 / transformer(02) / out_2 /      1.00000 para top(01)
Mensaje D / 00:00:00:006 / transformer(02) / ... para top(01)
Mensaje X / 00:00:00:006 / top(01) / neuron_off /      1.00000 para neuron(05)
Mensaje X / 00:00:00:006 / neuron(05) / m_in /      1.00000 para controller(07)
Mensaje D / 00:00:00:006 / controller(07) / 00:00:00:001 para neuron(05)
Mensaje D / 00:00:00:006 / neuron(05) / 00:00:00:001 para top(01)
Mensaje D / 00:00:00:006 / top(01) / 00:00:00:001 para Root(00)
Mensaje X / 00:00:00:007 / Root(00) / in_2 /      0.20000 para top(01)
Mensaje X / 00:00:00:007 / top(01) / in_2 /      0.20000 para transformer(02)
Mensaje X / 00:00:00:007 / transformer(02) / in_2 /      0.20000 para amp_2(04)
Mensaje D / 00:00:00:007 / amp_2(04) / 00:00:00:000 para transformer(02)
Mensaje D / 00:00:00:007 / transformer(02) / 00:00:00:000 para top(01)
Mensaje D / 00:00:00:007 / top(01) / 00:00:00:000 para Root(00)
Mensaje * / 00:00:00:007 / Root(00) para top(01)
Mensaje * / 00:00:00:007 / top(01) para transformer(02)
Mensaje * / 00:00:00:007 / transformer(02) para amp_2(04)
Mensaje Y / 00:00:00:007 / amp_2(04) / out_2 /      1.00000 para transformer(02)
Mensaje D / 00:00:00:007 / amp_2(04) / ... para transformer(02)
Mensaje Y / 00:00:00:007 / transformer(02) / out_2 /      1.00000 para top(01)
Mensaje D / 00:00:00:007 / transformer(02) / ... para top(01)
Mensaje X / 00:00:00:007 / top(01) / neuron_off /      1.00000 para neuron(05)
Mensaje X / 00:00:00:007 / neuron(05) / m_in /      1.00000 para controller(07)
Mensaje D / 00:00:00:007 / controller(07) / ... para neuron(05)
Mensaje D / 00:00:00:007 / neuron(05) / ... para top(01)
Mensaje D / 00:00:00:007 / top(01) / ... para Root(00)
Mensaje X / 00:00:00:008 / Root(00) / in_2 /      0.20000 para top(01)
Mensaje X / 00:00:00:008 / top(01) / in_2 /      0.20000 para transformer(02)
Mensaje X / 00:00:00:008 / transformer(02) / in_2 /      0.20000 para amp_2(04)
Mensaje D / 00:00:00:008 / amp_2(04) / 00:00:00:000 para transformer(02)
Mensaje D / 00:00:00:008 / transformer(02) / 00:00:00:000 para top(01)
Mensaje D / 00:00:00:008 / top(01) / 00:00:00:000 para Root(00)
Mensaje * / 00:00:00:008 / Root(00) para top(01)
Mensaje * / 00:00:00:008 / top(01) para transformer(02)
Mensaje * / 00:00:00:008 / transformer(02) para amp_2(04)
Mensaje Y / 00:00:00:008 / amp_2(04) / out_2 /      1.00000 para transformer(02)
Mensaje D / 00:00:00:008 / amp_2(04) / ... para transformer(02)
Mensaje Y / 00:00:00:008 / transformer(02) / out_2 /      1.00000 para top(01)
Mensaje D / 00:00:00:008 / transformer(02) / ... para top(01)
Mensaje X / 00:00:00:008 / top(01) / neuron_off /      1.00000 para neuron(05)
Mensaje X / 00:00:00:008 / neuron(05) / m_in /      1.00000 para controller(07)
Mensaje D / 00:00:00:008 / controller(07) / 00:00:00:001 para neuron(05)
Mensaje D / 00:00:00:008 / neuron(05) / 00:00:00:001 para top(01)
Mensaje D / 00:00:00:008 / top(01) / 00:00:00:001 para Root(00)
Mensaje X / 00:00:00:009 / Root(00) / in_2 /      0.20000 para top(01)
Mensaje X / 00:00:00:009 / top(01) / in_2 /      0.20000 para transformer(02)
Mensaje X / 00:00:00:009 / transformer(02) / in_2 /      0.20000 para amp_2(04)
Mensaje D / 00:00:00:009 / amp_2(04) / 00:00:00:000 para transformer(02)
Mensaje D / 00:00:00:009 / transformer(02) / 00:00:00:000 para top(01)
Mensaje D / 00:00:00:009 / top(01) / 00:00:00:000 para Root(00)
Mensaje * / 00:00:00:009 / Root(00) para top(01)
Mensaje * / 00:00:00:009 / top(01) para transformer(02)
Mensaje * / 00:00:00:009 / transformer(02) para amp_2(04)
Mensaje Y / 00:00:00:009 / amp_2(04) / out_2 /      1.00000 para transformer(02)
Mensaje D / 00:00:00:009 / amp_2(04) / ... para transformer(02)
Mensaje Y / 00:00:00:009 / transformer(02) / out_2 /      1.00000 para top(01)
Mensaje D / 00:00:00:009 / transformer(02) / ... para top(01)
Mensaje X / 00:00:00:009 / top(01) / neuron_off /      1.00000 para neuron(05)
Mensaje X / 00:00:00:009 / neuron(05) / m_in /      1.00000 para controller(07)
Mensaje D / 00:00:00:009 / controller(07) / ... para neuron(05)
Mensaje D / 00:00:00:009 / neuron(05) / ... para top(01)
Mensaje D / 00:00:00:009 / top(01) / ... para Root(00)
Mensaje X / 00:00:00:010 / Root(00) / in_2 /      0.20000 para top(01)
Mensaje X / 00:00:00:010 / top(01) / in_2 /      0.20000 para transformer(02)
Mensaje X / 00:00:00:010 / transformer(02) / in_2 /      0.20000 para amp_2(04)
Mensaje D / 00:00:00:010 / amp_2(04) / 00:00:00:000 para transformer(02)
Mensaje D / 00:00:00:010 / transformer(02) / 00:00:00:000 para top(01)
Mensaje D / 00:00:00:010 / top(01) / 00:00:00:000 para Root(00)
Mensaje * / 00:00:00:010 / Root(00) para top(01)
Mensaje * / 00:00:00:010 / top(01) para transformer(02)
Mensaje * / 00:00:00:010 / transformer(02) para amp_2(04)
Mensaje Y / 00:00:00:010 / amp_2(04) / out_2 /      1.00000 para transformer(02)
Mensaje D / 00:00:00:010 / amp_2(04) / ... para transformer(02)
Mensaje Y / 00:00:00:010 / transformer(02) / out_2 /      1.00000 para top(01)
Mensaje D / 00:00:00:010 / transformer(02) / ... para top(01)
Mensaje X / 00:00:00:010 / top(01) / neuron_off /      1.00000 para neuron(05)
Mensaje X / 00:00:00:010 / neuron(05) / m_in /      1.00000 para controller(07)
Mensaje D / 00:00:00:010 / controller(07) / 00:00:00:001 para neuron(05)
Mensaje D / 00:00:00:010 / neuron(05) / 00:00:00:001 para top(01)
Mensaje D / 00:00:00:010 / top(01) / 00:00:00:001 para Root(00)
Mensaje X / 00:00:00:011 / Root(00) / in_2 /      0.20000 para top(01)
Mensaje X / 00:00:00:011 / top(01) / in_2 /      0.20000 para transformer(02)
Mensaje X / 00:00:00:011 / transformer(02) / in_2 /      0.20000 para amp_2(04)
Mensaje D / 00:00:00:011 / amp_2(04) / 00:00:00:000 para transformer(02)
Mensaje D / 00:00:00:011 / transformer(02) / 00:00:00:000 para top(01)
Mensaje D / 00:00:00:011 / top(01) / 00:00:00:000 para Root(00)
Mensaje * / 00:00:00:011 / Root(00) para top(01)
Mensaje * / 00:00:00:011 / top(01) para transformer(02)
Mensaje * / 00:00:00:011 / transformer(02) para amp_2(04)
Mensaje Y / 00:00:00:011 / amp_2(04) / out_2 /      1.00000 para transformer(02)
Mensaje D / 00:00:00:011 / amp_2(04) / ... para transformer(02)
Mensaje Y / 00:00:00:011 / transformer(02) / out_2 /      1.00000 para top(01)
Mensaje D / 00:00:00:011 / transformer(02) / ... para top(01)
Mensaje X / 00:00:00:011 / top(01) / neuron_off /      1.00000 para neuron(05)
Mensaje X / 00:00:00:011 / neuron(05) / m_in /      1.00000 para controller(07)
Mensaje D / 00:00:00:011 / controller(07) / ... para neuron(05)
Mensaje D / 00:00:00:011 / neuron(05) / ... para top(01)
Mensaje D / 00:00:00:011 / top(01) / ... para Root(00)
Mensaje X / 00:00:00:012 / Root(00) / in_2 /      0.20000 para top(01)
Mensaje X / 00:00:00:012 / top(01) / in_2 /      0.20000 para transformer(02)
Mensaje X / 00:00:00:012 / transformer(02) / in_2 /      0.20000 para amp_2(04)
Mensaje D / 00:00:00:012 / amp_2(04) / 00:00:00:000 para transformer(02)
Mensaje D / 00:00:00:012 / transformer(02) / 00:00:00:000 para top(01)
Mensaje D / 00:00:00:012 / top(01) / 00:00:00:000 para Root(00)
Mensaje * / 00:00:00:012 / Root(00) para top(01)
Mensaje * / 00:00:00:012 / top(01) para transformer(02)
Mensaje * / 00:00:00:012 / transformer(02) para amp_2(04)
Mensaje Y / 00:00:00:012 / amp_2(04) / out_2 /      1.00000 para transformer(02)
Mensaje D / 00:00:00:012 / amp_2(04) / ... para transformer(02)
Mensaje Y / 00:00:00:012 / transformer(02) / out_2 /      1.00000 para top(01)
Mensaje D / 00:00:00:012 / transformer(02) / ... para top(01)
Mensaje X / 00:00:00:012 / top(01) / neuron_off /      1.00000 para neuron(05)
Mensaje X / 00:00:00:012 / neuron(05) / m_in /      1.00000 para controller(07)
Mensaje D / 00:00:00:012 / controller(07) / 00:00:00:001 para neuron(05)
Mensaje D / 00:00:00:012 / neuron(05) / 00:00:00:001 para top(01)
Mensaje D / 00:00:00:012 / top(01) / 00:00:00:001 para Root(00)
Mensaje * / 00:00:00:013 / Root(00) para top(01)
Mensaje * / 00:00:00:013 / top(01) para neuron(05)
Mensaje * / 00:00:00:013 / neuron(05) para controller(07)
Mensaje Y / 00:00:00:013 / controller(07) / m_outoff /      1.00000 para neuron(05)
Mensaje Y / 00:00:00:013 / controller(07) / m_outfire /      0.00000 para neuron(05)
Mensaje D / 00:00:00:013 / controller(07) / ... para neuron(05)
Mensaje X / 00:00:00:013 / neuron(05) / m_inturnoff /      1.00000 para timer(06)
Mensaje Y / 00:00:00:013 / neuron(05) / neuron_out /      0.00000 para top(01)
Mensaje D / 00:00:00:013 / timer(06) / ... para neuron(05)
Mensaje Y / 00:00:00:013 / top(01) / terminal_output /      0.00000 para Root(00)
Mensaje D / 00:00:00:013 / neuron(05) / ... para top(01)
Mensaje D / 00:00:00:013 / top(01) / ... para Root(00)
Mensaje X / 00:00:00:014 / Root(00) / in_1 /      0.10000 para top(01)
Mensaje X / 00:00:00:014 / top(01) / in_1 /      0.10000 para transformer(02)
Mensaje X / 00:00:00:014 / transformer(02) / in_1 /      0.10000 para amp_1(03)
Mensaje D / 00:00:00:014 / amp_1(03) / 00:00:00:000 para transformer(02)
Mensaje D / 00:00:00:014 / transformer(02) / 00:00:00:000 para top(01)
Mensaje D / 00:00:00:014 / top(01) / 00:00:00:000 para Root(00)
Mensaje * / 00:00:00:014 / Root(00) para top(01)
Mensaje * / 00:00:00:014 / top(01) para transformer(02)
Mensaje * / 00:00:00:014 / transformer(02) para amp_1(03)
Mensaje Y / 00:00:00:014 / amp_1(03) / out_1 /      1.00000 para transformer(02)
Mensaje D / 00:00:00:014 / amp_1(03) / ... para transformer(02)
Mensaje Y / 00:00:00:014 / transformer(02) / out_1 /      1.00000 para top(01)
Mensaje D / 00:00:00:014 / transformer(02) / ... para top(01)
Mensaje X / 00:00:00:014 / top(01) / neuron_on /      1.00000 para neuron(05)
Mensaje X / 00:00:00:014 / neuron(05) / m_inturnon /      1.00000 para timer(06)
Mensaje D / 00:00:00:014 / timer(06) / 00:00:00:001 para neuron(05)
Mensaje D / 00:00:00:014 / neuron(05) / 00:00:00:001 para top(01)
Mensaje D / 00:00:00:014 / top(01) / 00:00:00:001 para Root(00)
Mensaje * / 00:00:00:015 / Root(00) para top(01)
Mensaje * / 00:00:00:015 / top(01) para neuron(05)
Mensaje * / 00:00:00:015 / neuron(05) para timer(06)
Mensaje Y / 00:00:00:015 / timer(06) / out_clk /      1.00000 para neuron(05)
Mensaje Y / 00:00:00:015 / timer(06) / out_count /      1.00000 para neuron(05)
Mensaje D / 00:00:00:015 / timer(06) / 00:00:00:001 para neuron(05)
Mensaje Y / 00:00:00:015 / neuron(05) / clk_control /      1.00000 para top(01)
Mensaje X / 00:00:00:015 / neuron(05) / m_incount /      1.00000 para controller(07)
Mensaje Y / 00:00:00:015 / top(01) / control_output /      1.00000 para Root(00)
Mensaje D / 00:00:00:015 / controller(07) / ... para neuron(05)
Mensaje D / 00:00:00:015 / neuron(05) / 00:00:00:001 para top(01)
Mensaje D / 00:00:00:015 / top(01) / 00:00:00:001 para Root(00)
Mensaje X / 00:00:00:016 / Root(00) / in_2 /      0.20000 para top(01)
Mensaje X / 00:00:00:016 / top(01) / in_2 /      0.20000 para transformer(02)
Mensaje X / 00:00:00:016 / transformer(02) / in_2 /      0.20000 para amp_2(04)
Mensaje D / 00:00:00:016 / amp_2(04) / 00:00:00:000 para transformer(02)
Mensaje D / 00:00:00:016 / transformer(02) / 00:00:00:000 para top(01)
Mensaje D / 00:00:00:016 / top(01) / 00:00:00:000 para Root(00)
Mensaje * / 00:00:00:016 / Root(00) para top(01)
Mensaje * / 00:00:00:016 / top(01) para transformer(02)
Mensaje * / 00:00:00:016 / transformer(02) para amp_2(04)
Mensaje Y / 00:00:00:016 / amp_2(04) / out_2 /      1.00000 para transformer(02)
Mensaje D / 00:00:00:016 / amp_2(04) / ... para transformer(02)
Mensaje Y / 00:00:00:016 / transformer(02) / out_2 /      1.00000 para top(01)
Mensaje D / 00:00:00:016 / transformer(02) / ... para top(01)
Mensaje X / 00:00:00:016 / top(01) / neuron_off /      1.00000 para neuron(05)
Mensaje X / 00:00:00:016 / neuron(05) / m_in /      1.00000 para controller(07)
Mensaje D / 00:00:00:016 / controller(07) / 00:00:00:001 para neuron(05)
Mensaje D / 00:00:00:016 / neuron(05) / 00:00:00:000 para top(01)
Mensaje D / 00:00:00:016 / top(01) / 00:00:00:000 para Root(00)
Mensaje * / 00:00:00:016 / Root(00) para top(01)
Mensaje * / 00:00:00:016 / top(01) para neuron(05)
Mensaje * / 00:00:00:016 / neuron(05) para timer(06)
Mensaje Y / 00:00:00:016 / timer(06) / out_clk /     -1.00000 para neuron(05)
Mensaje Y / 00:00:00:016 / timer(06) / out_count /      2.00000 para neuron(05)
Mensaje D / 00:00:00:016 / timer(06) / 00:00:00:001 para neuron(05)
Mensaje Y / 00:00:00:016 / neuron(05) / clk_control /     -1.00000 para top(01)
Mensaje X / 00:00:00:016 / neuron(05) / m_incount /      2.00000 para controller(07)
Mensaje Y / 00:00:00:016 / top(01) / control_output /     -1.00000 para Root(00)
Mensaje D / 00:00:00:016 / controller(07) / 00:00:00:000 para neuron(05)
Mensaje D / 00:00:00:016 / neuron(05) / 00:00:00:000 para top(01)
Mensaje D / 00:00:00:016 / top(01) / 00:00:00:000 para Root(00)
Mensaje * / 00:00:00:016 / Root(00) para top(01)
Mensaje * / 00:00:00:016 / top(01) para neuron(05)
Mensaje * / 00:00:00:016 / neuron(05) para controller(07)
Mensaje Y / 00:00:00:016 / controller(07) / m_outoff /      1.00000 para neuron(05)
Mensaje Y / 00:00:00:016 / controller(07) / m_outfire /      0.00000 para neuron(05)
Mensaje D / 00:00:00:016 / controller(07) / ... para neuron(05)
Mensaje X / 00:00:00:016 / neuron(05) / m_inturnoff /      1.00000 para timer(06)
Mensaje Y / 00:00:00:016 / neuron(05) / neuron_out /      0.00000 para top(01)
Mensaje D / 00:00:00:016 / timer(06) / ... para neuron(05)
Mensaje Y / 00:00:00:016 / top(01) / terminal_output /      0.00000 para Root(00)
Mensaje D / 00:00:00:016 / neuron(05) / ... para top(01)
Mensaje D / 00:00:00:016 / top(01) / ... para Root(00)
Mensaje X / 00:00:00:017 / Root(00) / in_2 /      0.20000 para top(01)
Mensaje X / 00:00:00:017 / top(01) / in_2 /      0.20000 para transformer(02)
Mensaje X / 00:00:00:017 / transformer(02) / in_2 /      0.20000 para amp_2(04)
Mensaje D / 00:00:00:017 / amp_2(04) / 00:00:00:000 para transformer(02)
Mensaje D / 00:00:00:017 / transformer(02) / 00:00:00:000 para top(01)
Mensaje D / 00:00:00:017 / top(01) / 00:00:00:000 para Root(00)
Mensaje * / 00:00:00:017 / Root(00) para top(01)
Mensaje * / 00:00:00:017 / top(01) para transformer(02)
Mensaje * / 00:00:00:017 / transformer(02) para amp_2(04)
Mensaje Y / 00:00:00:017 / amp_2(04) / out_2 /      1.00000 para transformer(02)
Mensaje D / 00:00:00:017 / amp_2(04) / ... para transformer(02)
Mensaje Y / 00:00:00:017 / transformer(02) / out_2 /      1.00000 para top(01)
Mensaje D / 00:00:00:017 / transformer(02) / ... para top(01)
Mensaje X / 00:00:00:017 / top(01) / neuron_off /      1.00000 para neuron(05)
Mensaje X / 00:00:00:017 / neuron(05) / m_in /      1.00000 para controller(07)
Mensaje D / 00:00:00:017 / controller(07) / 00:00:00:001 para neuron(05)
Mensaje D / 00:00:00:017 / neuron(05) / 00:00:00:001 para top(01)
Mensaje D / 00:00:00:017 / top(01) / 00:00:00:001 para Root(00)
Mensaje X / 00:00:00:018 / Root(00) / in_2 /      0.20000 para top(01)
Mensaje X / 00:00:00:018 / top(01) / in_2 /      0.20000 para transformer(02)
Mensaje X / 00:00:00:018 / transformer(02) / in_2 /      0.20000 para amp_2(04)
Mensaje D / 00:00:00:018 / amp_2(04) / 00:00:00:000 para transformer(02)
Mensaje D / 00:00:00:018 / transformer(02) / 00:00:00:000 para top(01)
Mensaje D / 00:00:00:018 / top(01) / 00:00:00:000 para Root(00)
Mensaje * / 00:00:00:018 / Root(00) para top(01)
Mensaje * / 00:00:00:018 / top(01) para transformer(02)
Mensaje * / 00:00:00:018 / transformer(02) para amp_2(04)
Mensaje Y / 00:00:00:018 / amp_2(04) / out_2 /      1.00000 para transformer(02)
Mensaje D / 00:00:00:018 / amp_2(04) / ... para transformer(02)
Mensaje Y / 00:00:00:018 / transformer(02) / out_2 /      1.00000 para top(01)
Mensaje D / 00:00:00:018 / transformer(02) / ... para top(01)
Mensaje X / 00:00:00:018 / top(01) / neuron_off /      1.00000 para neuron(05)
Mensaje X / 00:00:00:018 / neuron(05) / m_in /      1.00000 para controller(07)
Mensaje D / 00:00:00:018 / controller(07) / ... para neuron(05)
Mensaje D / 00:00:00:018 / neuron(05) / ... para top(01)
Mensaje D / 00:00:00:018 / top(01) / ... para Root(00)
Mensaje X / 00:00:00:019 / Root(00) / in_1 /      0.10000 para top(01)
Mensaje X / 00:00:00:019 / top(01) / in_1 /      0.10000 para transformer(02)
Mensaje X / 00:00:00:019 / transformer(02) / in_1 /      0.10000 para amp_1(03)
Mensaje D / 00:00:00:019 / amp_1(03) / 00:00:00:000 para transformer(02)
Mensaje D / 00:00:00:019 / transformer(02) / 00:00:00:000 para top(01)
Mensaje D / 00:00:00:019 / top(01) / 00:00:00:000 para Root(00)
Mensaje * / 00:00:00:019 / Root(00) para top(01)
Mensaje * / 00:00:00:019 / top(01) para transformer(02)
Mensaje * / 00:00:00:019 / transformer(02) para amp_1(03)
Mensaje Y / 00:00:00:019 / amp_1(03) / out_1 /      1.00000 para transformer(02)
Mensaje D / 00:00:00:019 / amp_1(03) / ... para transformer(02)
Mensaje Y / 00:00:00:019 / transformer(02) / out_1 /      1.00000 para top(01)
Mensaje D / 00:00:00:019 / transformer(02) / ... para top(01)
Mensaje X / 00:00:00:019 / top(01) / neuron_on /      1.00000 para neuron(05)
Mensaje X / 00:00:00:019 / neuron(05) / m_inturnon /      1.00000 para timer(06)
Mensaje D / 00:00:00:019 / timer(06) / 00:00:00:001 para neuron(05)
Mensaje D / 00:00:00:019 / neuron(05) / 00:00:00:001 para top(01)
Mensaje D / 00:00:00:019 / top(01) / 00:00:00:001 para Root(00)
Mensaje * / 00:00:00:020 / Root(00) para top(01)
Mensaje * / 00:00:00:020 / top(01) para neuron(05)
Mensaje * / 00:00:00:020 / neuron(05) para timer(06)
Mensaje Y / 00:00:00:020 / timer(06) / out_clk /      1.00000 para neuron(05)
Mensaje Y / 00:00:00:020 / timer(06) / out_count /      1.00000 para neuron(05)
Mensaje D / 00:00:00:020 / timer(06) / 00:00:00:001 para neuron(05)
Mensaje Y / 00:00:00:020 / neuron(05) / clk_control /      1.00000 para top(01)
Mensaje X / 00:00:00:020 / neuron(05) / m_incount /      1.00000 para controller(07)
Mensaje Y / 00:00:00:020 / top(01) / control_output /      1.00000 para Root(00)
Mensaje D / 00:00:00:020 / controller(07) / ... para neuron(05)
Mensaje D / 00:00:00:020 / neuron(05) / 00:00:00:001 para top(01)
Mensaje D / 00:00:00:020 / top(01) / 00:00:00:001 para Root(00)
Mensaje * / 00:00:00:021 / Root(00) para top(01)
Mensaje * / 00:00:00:021 / top(01) para neuron(05)
Mensaje * / 00:00:00:021 / neuron(05) para timer(06)
Mensaje Y / 00:00:00:021 / timer(06) / out_clk /     -1.00000 para neuron(05)
Mensaje Y / 00:00:00:021 / timer(06) / out_count /      2.00000 para neuron(05)
Mensaje D / 00:00:00:021 / timer(06) / 00:00:00:001 para neuron(05)
Mensaje Y / 00:00:00:021 / neuron(05) / clk_control /     -1.00000 para top(01)
Mensaje X / 00:00:00:021 / neuron(05) / m_incount /      2.00000 para controller(07)
Mensaje Y / 00:00:00:021 / top(01) / control_output /     -1.00000 para Root(00)
Mensaje D / 00:00:00:021 / controller(07) / ... para neuron(05)
Mensaje D / 00:00:00:021 / neuron(05) / 00:00:00:001 para top(01)
Mensaje D / 00:00:00:021 / top(01) / 00:00:00:001 para Root(00)
Mensaje * / 00:00:00:022 / Root(00) para top(01)
Mensaje * / 00:00:00:022 / top(01) para neuron(05)
Mensaje * / 00:00:00:022 / neuron(05) para timer(06)
Mensaje Y / 00:00:00:022 / timer(06) / out_clk /      1.00000 para neuron(05)
Mensaje Y / 00:00:00:022 / timer(06) / out_count /      3.00000 para neuron(05)
Mensaje D / 00:00:00:022 / timer(06) / 00:00:00:001 para neuron(05)
Mensaje Y / 00:00:00:022 / neuron(05) / clk_control /      1.00000 para top(01)
Mensaje X / 00:00:00:022 / neuron(05) / m_incount /      3.00000 para controller(07)
Mensaje Y / 00:00:00:022 / top(01) / control_output /      1.00000 para Root(00)
Mensaje D / 00:00:00:022 / controller(07) / ... para neuron(05)
Mensaje D / 00:00:00:022 / neuron(05) / 00:00:00:001 para top(01)
Mensaje D / 00:00:00:022 / top(01) / 00:00:00:001 para Root(00)
Mensaje * / 00:00:00:023 / Root(00) para top(01)
Mensaje * / 00:00:00:023 / top(01) para neuron(05)
Mensaje * / 00:00:00:023 / neuron(05) para timer(06)
Mensaje Y / 00:00:00:023 / timer(06) / out_clk /     -1.00000 para neuron(05)
Mensaje Y / 00:00:00:023 / timer(06) / out_count /      4.00000 para neuron(05)
Mensaje D / 00:00:00:023 / timer(06) / 00:00:00:001 para neuron(05)
Mensaje Y / 00:00:00:023 / neuron(05) / clk_control /     -1.00000 para top(01)
Mensaje X / 00:00:00:023 / neuron(05) / m_incount /      4.00000 para controller(07)
Mensaje Y / 00:00:00:023 / top(01) / control_output /     -1.00000 para Root(00)
Mensaje D / 00:00:00:023 / controller(07) / ... para neuron(05)
Mensaje D / 00:00:00:023 / neuron(05) / 00:00:00:001 para top(01)
Mensaje D / 00:00:00:023 / top(01) / 00:00:00:001 para Root(00)
Mensaje * / 00:00:00:024 / Root(00) para top(01)
Mensaje * / 00:00:00:024 / top(01) para neuron(05)
Mensaje * / 00:00:00:024 / neuron(05) para timer(06)
Mensaje Y / 00:00:00:024 / timer(06) / out_clk /      1.00000 para neuron(05)
Mensaje Y / 00:00:00:024 / timer(06) / out_count /      5.00000 para neuron(05)
Mensaje D / 00:00:00:024 / timer(06) / 00:00:00:001 para neuron(05)
Mensaje Y / 00:00:00:024 / neuron(05) / clk_control /      1.00000 para top(01)
Mensaje X / 00:00:00:024 / neuron(05) / m_incount /      5.00000 para controller(07)
Mensaje Y / 00:00:00:024 / top(01) / control_output /      1.00000 para Root(00)
Mensaje D / 00:00:00:024 / controller(07) / ... para neuron(05)
Mensaje D / 00:00:00:024 / neuron(05) / 00:00:00:001 para top(01)
Mensaje D / 00:00:00:024 / top(01) / 00:00:00:001 para Root(00)
Mensaje * / 00:00:00:025 / Root(00) para top(01)
Mensaje * / 00:00:00:025 / top(01) para neuron(05)
Mensaje * / 00:00:00:025 / neuron(05) para timer(06)
Mensaje Y / 00:00:00:025 / timer(06) / out_clk /     -1.00000 para neuron(05)
Mensaje Y / 00:00:00:025 / timer(06) / out_count /      6.00000 para neuron(05)
Mensaje D / 00:00:00:025 / timer(06) / 00:00:00:001 para neuron(05)
Mensaje Y / 00:00:00:025 / neuron(05) / clk_control /     -1.00000 para top(01)
Mensaje X / 00:00:00:025 / neuron(05) / m_incount /      6.00000 para controller(07)
Mensaje Y / 00:00:00:025 / top(01) / control_output /     -1.00000 para Root(00)
Mensaje D / 00:00:00:025 / controller(07) / ... para neuron(05)
Mensaje D / 00:00:00:025 / neuron(05) / 00:00:00:001 para top(01)
Mensaje D / 00:00:00:025 / top(01) / 00:00:00:001 para Root(00)
Mensaje * / 00:00:00:026 / Root(00) para top(01)
Mensaje * / 00:00:00:026 / top(01) para neuron(05)
Mensaje * / 00:00:00:026 / neuron(05) para timer(06)
Mensaje Y / 00:00:00:026 / timer(06) / out_clk /      1.00000 para neuron(05)
Mensaje Y / 00:00:00:026 / timer(06) / out_count /      7.00000 para neuron(05)
Mensaje D / 00:00:00:026 / timer(06) / 00:00:00:001 para neuron(05)
Mensaje Y / 00:00:00:026 / neuron(05) / clk_control /      1.00000 para top(01)
Mensaje X / 00:00:00:026 / neuron(05) / m_incount /      7.00000 para controller(07)
Mensaje Y / 00:00:00:026 / top(01) / control_output /      1.00000 para Root(00)
Mensaje D / 00:00:00:026 / controller(07) / ... para neuron(05)
Mensaje D / 00:00:00:026 / neuron(05) / 00:00:00:001 para top(01)
Mensaje D / 00:00:00:026 / top(01) / 00:00:00:001 para Root(00)
Mensaje * / 00:00:00:027 / Root(00) para top(01)
Mensaje * / 00:00:00:027 / top(01) para neuron(05)
Mensaje * / 00:00:00:027 / neuron(05) para timer(06)
Mensaje Y / 00:00:00:027 / timer(06) / out_clk /     -1.00000 para neuron(05)
Mensaje Y / 00:00:00:027 / timer(06) / out_count /      8.00000 para neuron(05)
Mensaje D / 00:00:00:027 / timer(06) / 00:00:00:001 para neuron(05)
Mensaje Y / 00:00:00:027 / neuron(05) / clk_control /     -1.00000 para top(01)
Mensaje X / 00:00:00:027 / neuron(05) / m_incount /      8.00000 para controller(07)
Mensaje Y / 00:00:00:027 / top(01) / control_output /     -1.00000 para Root(00)
Mensaje D / 00:00:00:027 / controller(07) / ... para neuron(05)
Mensaje D / 00:00:00:027 / neuron(05) / 00:00:00:001 para top(01)
Mensaje D / 00:00:00:027 / top(01) / 00:00:00:001 para Root(00)
Mensaje * / 00:00:00:028 / Root(00) para top(01)
Mensaje * / 00:00:00:028 / top(01) para neuron(05)
Mensaje * / 00:00:00:028 / neuron(05) para timer(06)
Mensaje Y / 00:00:00:028 / timer(06) / out_clk /      1.00000 para neuron(05)
Mensaje Y / 00:00:00:028 / timer(06) / out_count /      9.00000 para neuron(05)
Mensaje D / 00:00:00:028 / timer(06) / 00:00:00:001 para neuron(05)
Mensaje Y / 00:00:00:028 / neuron(05) / clk_control /      1.00000 para top(01)
Mensaje X / 00:00:00:028 / neuron(05) / m_incount /      9.00000 para controller(07)
Mensaje Y / 00:00:00:028 / top(01) / control_output /      1.00000 para Root(00)
Mensaje D / 00:00:00:028 / controller(07) / ... para neuron(05)
Mensaje D / 00:00:00:028 / neuron(05) / 00:00:00:001 para top(01)
Mensaje D / 00:00:00:028 / top(01) / 00:00:00:001 para Root(00)
Mensaje X / 00:00:00:029 / Root(00) / in_2 /      0.20000 para top(01)
Mensaje X / 00:00:00:029 / top(01) / in_2 /      0.20000 para transformer(02)
Mensaje X / 00:00:00:029 / transformer(02) / in_2 /      0.20000 para amp_2(04)
Mensaje D / 00:00:00:029 / amp_2(04) / 00:00:00:000 para transformer(02)
Mensaje D / 00:00:00:029 / transformer(02) / 00:00:00:000 para top(01)
Mensaje D / 00:00:00:029 / top(01) / 00:00:00:000 para Root(00)
Mensaje * / 00:00:00:029 / Root(00) para top(01)
Mensaje * / 00:00:00:029 / top(01) para transformer(02)
Mensaje * / 00:00:00:029 / transformer(02) para amp_2(04)
Mensaje Y / 00:00:00:029 / amp_2(04) / out_2 /      1.00000 para transformer(02)
Mensaje D / 00:00:00:029 / amp_2(04) / ... para transformer(02)
Mensaje Y / 00:00:00:029 / transformer(02) / out_2 /      1.00000 para top(01)
Mensaje D / 00:00:00:029 / transformer(02) / ... para top(01)
Mensaje X / 00:00:00:029 / top(01) / neuron_off /      1.00000 para neuron(05)
Mensaje X / 00:00:00:029 / neuron(05) / m_in /      1.00000 para controller(07)
Mensaje D / 00:00:00:029 / controller(07) / 00:00:00:001 para neuron(05)
Mensaje D / 00:00:00:029 / neuron(05) / 00:00:00:000 para top(01)
Mensaje D / 00:00:00:029 / top(01) / 00:00:00:000 para Root(00)
Mensaje * / 00:00:00:029 / Root(00) para top(01)
Mensaje * / 00:00:00:029 / top(01) para neuron(05)
Mensaje * / 00:00:00:029 / neuron(05) para timer(06)
Mensaje Y / 00:00:00:029 / timer(06) / out_clk /     -1.00000 para neuron(05)
Mensaje Y / 00:00:00:029 / timer(06) / out_count /     10.00000 para neuron(05)
Mensaje D / 00:00:00:029 / timer(06) / 00:00:00:001 para neuron(05)
Mensaje Y / 00:00:00:029 / neuron(05) / clk_control /     -1.00000 para top(01)
Mensaje X / 00:00:00:029 / neuron(05) / m_incount /     10.00000 para controller(07)
Mensaje Y / 00:00:00:029 / top(01) / control_output /     -1.00000 para Root(00)
Mensaje D / 00:00:00:029 / controller(07) / 00:00:00:000 para neuron(05)
Mensaje D / 00:00:00:029 / neuron(05) / 00:00:00:000 para top(01)
Mensaje D / 00:00:00:029 / top(01) / 00:00:00:000 para Root(00)
Mensaje * / 00:00:00:029 / Root(00) para top(01)
Mensaje * / 00:00:00:029 / top(01) para neuron(05)
Mensaje * / 00:00:00:029 / neuron(05) para controller(07)
Mensaje Y / 00:00:00:029 / controller(07) / m_outoff /      1.00000 para neuron(05)
Mensaje Y / 00:00:00:029 / controller(07) / m_outfire /      0.00000 para neuron(05)
Mensaje D / 00:00:00:029 / controller(07) / ... para neuron(05)
Mensaje X / 00:00:00:029 / neuron(05) / m_inturnoff /      1.00000 para timer(06)
Mensaje Y / 00:00:00:029 / neuron(05) / neuron_out /      0.00000 para top(01)
Mensaje D / 00:00:00:029 / timer(06) / ... para neuron(05)
Mensaje Y / 00:00:00:029 / top(01) / terminal_output /      0.00000 para Root(00)
Mensaje D / 00:00:00:029 / neuron(05) / ... para top(01)
Mensaje D / 00:00:00:029 / top(01) / ... para Root(00)
Mensaje X / 00:00:00:031 / Root(00) / in_1 /      0.10000 para top(01)
Mensaje X / 00:00:00:031 / top(01) / in_1 /      0.10000 para transformer(02)
Mensaje X / 00:00:00:031 / transformer(02) / in_1 /      0.10000 para amp_1(03)
Mensaje D / 00:00:00:031 / amp_1(03) / 00:00:00:000 para transformer(02)
Mensaje D / 00:00:00:031 / transformer(02) / 00:00:00:000 para top(01)
Mensaje D / 00:00:00:031 / top(01) / 00:00:00:000 para Root(00)
Mensaje * / 00:00:00:031 / Root(00) para top(01)
Mensaje * / 00:00:00:031 / top(01) para transformer(02)
Mensaje * / 00:00:00:031 / transformer(02) para amp_1(03)
Mensaje Y / 00:00:00:031 / amp_1(03) / out_1 /      1.00000 para transformer(02)
Mensaje D / 00:00:00:031 / amp_1(03) / ... para transformer(02)
Mensaje Y / 00:00:00:031 / transformer(02) / out_1 /      1.00000 para top(01)
Mensaje D / 00:00:00:031 / transformer(02) / ... para top(01)
Mensaje X / 00:00:00:031 / top(01) / neuron_on /      1.00000 para neuron(05)
Mensaje X / 00:00:00:031 / neuron(05) / m_inturnon /      1.00000 para timer(06)
Mensaje D / 00:00:00:031 / timer(06) / 00:00:00:001 para neuron(05)
Mensaje D / 00:00:00:031 / neuron(05) / 00:00:00:001 para top(01)
Mensaje D / 00:00:00:031 / top(01) / 00:00:00:001 para Root(00)
Mensaje * / 00:00:00:032 / Root(00) para top(01)
Mensaje * / 00:00:00:032 / top(01) para neuron(05)
Mensaje * / 00:00:00:032 / neuron(05) para timer(06)
Mensaje Y / 00:00:00:032 / timer(06) / out_clk /      1.00000 para neuron(05)
Mensaje Y / 00:00:00:032 / timer(06) / out_count /      1.00000 para neuron(05)
Mensaje D / 00:00:00:032 / timer(06) / 00:00:00:001 para neuron(05)
Mensaje Y / 00:00:00:032 / neuron(05) / clk_control /      1.00000 para top(01)
Mensaje X / 00:00:00:032 / neuron(05) / m_incount /      1.00000 para controller(07)
Mensaje Y / 00:00:00:032 / top(01) / control_output /      1.00000 para Root(00)
Mensaje D / 00:00:00:032 / controller(07) / ... para neuron(05)
Mensaje D / 00:00:00:032 / neuron(05) / 00:00:00:001 para top(01)
Mensaje D / 00:00:00:032 / top(01) / 00:00:00:001 para Root(00)
Mensaje * / 00:00:00:033 / Root(00) para top(01)
Mensaje * / 00:00:00:033 / top(01) para neuron(05)
Mensaje * / 00:00:00:033 / neuron(05) para timer(06)
Mensaje Y / 00:00:00:033 / timer(06) / out_clk /     -1.00000 para neuron(05)
Mensaje Y / 00:00:00:033 / timer(06) / out_count /      2.00000 para neuron(05)
Mensaje D / 00:00:00:033 / timer(06) / 00:00:00:001 para neuron(05)
Mensaje Y / 00:00:00:033 / neuron(05) / clk_control /     -1.00000 para top(01)
Mensaje X / 00:00:00:033 / neuron(05) / m_incount /      2.00000 para controller(07)
Mensaje Y / 00:00:00:033 / top(01) / control_output /     -1.00000 para Root(00)
Mensaje D / 00:00:00:033 / controller(07) / ... para neuron(05)
Mensaje D / 00:00:00:033 / neuron(05) / 00:00:00:001 para top(01)
Mensaje D / 00:00:00:033 / top(01) / 00:00:00:001 para Root(00)
Mensaje * / 00:00:00:034 / Root(00) para top(01)
Mensaje * / 00:00:00:034 / top(01) para neuron(05)
Mensaje * / 00:00:00:034 / neuron(05) para timer(06)
Mensaje Y / 00:00:00:034 / timer(06) / out_clk /      1.00000 para neuron(05)
Mensaje Y / 00:00:00:034 / timer(06) / out_count /      3.00000 para neuron(05)
Mensaje D / 00:00:00:034 / timer(06) / 00:00:00:001 para neuron(05)
Mensaje Y / 00:00:00:034 / neuron(05) / clk_control /      1.00000 para top(01)
Mensaje X / 00:00:00:034 / neuron(05) / m_incount /      3.00000 para controller(07)
Mensaje Y / 00:00:00:034 / top(01) / control_output /      1.00000 para Root(00)
Mensaje D / 00:00:00:034 / controller(07) / ... para neuron(05)
Mensaje D / 00:00:00:034 / neuron(05) / 00:00:00:001 para top(01)
Mensaje D / 00:00:00:034 / top(01) / 00:00:00:001 para Root(00)
Mensaje * / 00:00:00:035 / Root(00) para top(01)
Mensaje * / 00:00:00:035 / top(01) para neuron(05)
Mensaje * / 00:00:00:035 / neuron(05) para timer(06)
Mensaje Y / 00:00:00:035 / timer(06) / out_clk /     -1.00000 para neuron(05)
Mensaje Y / 00:00:00:035 / timer(06) / out_count /      4.00000 para neuron(05)
Mensaje D / 00:00:00:035 / timer(06) / 00:00:00:001 para neuron(05)
Mensaje Y / 00:00:00:035 / neuron(05) / clk_control /     -1.00000 para top(01)
Mensaje X / 00:00:00:035 / neuron(05) / m_incount /      4.00000 para controller(07)
Mensaje Y / 00:00:00:035 / top(01) / control_output /     -1.00000 para Root(00)
Mensaje D / 00:00:00:035 / controller(07) / ... para neuron(05)
Mensaje D / 00:00:00:035 / neuron(05) / 00:00:00:001 para top(01)
Mensaje D / 00:00:00:035 / top(01) / 00:00:00:001 para Root(00)
Mensaje X / 00:00:00:036 / Root(00) / in_2 /      0.20000 para top(01)
Mensaje X / 00:00:00:036 / top(01) / in_2 /      0.20000 para transformer(02)
Mensaje X / 00:00:00:036 / transformer(02) / in_2 /      0.20000 para amp_2(04)
Mensaje D / 00:00:00:036 / amp_2(04) / 00:00:00:000 para transformer(02)
Mensaje D / 00:00:00:036 / transformer(02) / 00:00:00:000 para top(01)
Mensaje D / 00:00:00:036 / top(01) / 00:00:00:000 para Root(00)
Mensaje * / 00:00:00:036 / Root(00) para top(01)
Mensaje * / 00:00:00:036 / top(01) para transformer(02)
Mensaje * / 00:00:00:036 / transformer(02) para amp_2(04)
Mensaje Y / 00:00:00:036 / amp_2(04) / out_2 /      1.00000 para transformer(02)
Mensaje D / 00:00:00:036 / amp_2(04) / ... para transformer(02)
Mensaje Y / 00:00:00:036 / transformer(02) / out_2 /      1.00000 para top(01)
Mensaje D / 00:00:00:036 / transformer(02) / ... para top(01)
Mensaje X / 00:00:00:036 / top(01) / neuron_off /      1.00000 para neuron(05)
Mensaje X / 00:00:00:036 / neuron(05) / m_in /      1.00000 para controller(07)
Mensaje D / 00:00:00:036 / controller(07) / 00:00:00:001 para neuron(05)
Mensaje D / 00:00:00:036 / neuron(05) / 00:00:00:000 para top(01)
Mensaje D / 00:00:00:036 / top(01) / 00:00:00:000 para Root(00)
Mensaje * / 00:00:00:036 / Root(00) para top(01)
Mensaje * / 00:00:00:036 / top(01) para neuron(05)
Mensaje * / 00:00:00:036 / neuron(05) para timer(06)
Mensaje Y / 00:00:00:036 / timer(06) / out_clk /      1.00000 para neuron(05)
Mensaje Y / 00:00:00:036 / timer(06) / out_count /      5.00000 para neuron(05)
Mensaje D / 00:00:00:036 / timer(06) / 00:00:00:001 para neuron(05)
Mensaje Y / 00:00:00:036 / neuron(05) / clk_control /      1.00000 para top(01)
Mensaje X / 00:00:00:036 / neuron(05) / m_incount /      5.00000 para controller(07)
Mensaje Y / 00:00:00:036 / top(01) / control_output /      1.00000 para Root(00)
Mensaje D / 00:00:00:036 / controller(07) / 00:00:00:000 para neuron(05)
Mensaje D / 00:00:00:036 / neuron(05) / 00:00:00:000 para top(01)
Mensaje D / 00:00:00:036 / top(01) / 00:00:00:000 para Root(00)
Mensaje * / 00:00:00:036 / Root(00) para top(01)
Mensaje * / 00:00:00:036 / top(01) para neuron(05)
Mensaje * / 00:00:00:036 / neuron(05) para controller(07)
Mensaje Y / 00:00:00:036 / controller(07) / m_outoff /      1.00000 para neuron(05)
Mensaje Y / 00:00:00:036 / controller(07) / m_outfire /      1.00000 para neuron(05)
Mensaje D / 00:00:00:036 / controller(07) / ... para neuron(05)
Mensaje X / 00:00:00:036 / neuron(05) / m_inturnoff /      1.00000 para timer(06)
Mensaje Y / 00:00:00:036 / neuron(05) / neuron_out /      1.00000 para top(01)
Mensaje D / 00:00:00:036 / timer(06) / ... para neuron(05)
Mensaje Y / 00:00:00:036 / top(01) / terminal_output /      1.00000 para Root(00)
Mensaje D / 00:00:00:036 / neuron(05) / ... para top(01)
Mensaje D / 00:00:00:036 / top(01) / ... para Root(00)
Mensaje X / 00:00:00:038 / Root(00) / in_1 /      0.10000 para top(01)
Mensaje X / 00:00:00:038 / top(01) / in_1 /      0.10000 para transformer(02)
Mensaje X / 00:00:00:038 / transformer(02) / in_1 /      0.10000 para amp_1(03)
Mensaje D / 00:00:00:038 / amp_1(03) / 00:00:00:000 para transformer(02)
Mensaje D / 00:00:00:038 / transformer(02) / 00:00:00:000 para top(01)
Mensaje D / 00:00:00:038 / top(01) / 00:00:00:000 para Root(00)
Mensaje * / 00:00:00:038 / Root(00) para top(01)
Mensaje * / 00:00:00:038 / top(01) para transformer(02)
Mensaje * / 00:00:00:038 / transformer(02) para amp_1(03)
Mensaje Y / 00:00:00:038 / amp_1(03) / out_1 /      1.00000 para transformer(02)
Mensaje D / 00:00:00:038 / amp_1(03) / ... para transformer(02)
Mensaje Y / 00:00:00:038 / transformer(02) / out_1 /      1.00000 para top(01)
Mensaje D / 00:00:00:038 / transformer(02) / ... para top(01)
Mensaje X / 00:00:00:038 / top(01) / neuron_on /      1.00000 para neuron(05)
Mensaje X / 00:00:00:038 / neuron(05) / m_inturnon /      1.00000 para timer(06)
Mensaje D / 00:00:00:038 / timer(06) / 00:00:00:001 para neuron(05)
Mensaje D / 00:00:00:038 / neuron(05) / 00:00:00:001 para top(01)
Mensaje D / 00:00:00:038 / top(01) / 00:00:00:001 para Root(00)
Mensaje * / 00:00:00:039 / Root(00) para top(01)
Mensaje * / 00:00:00:039 / top(01) para neuron(05)
Mensaje * / 00:00:00:039 / neuron(05) para timer(06)
Mensaje Y / 00:00:00:039 / timer(06) / out_clk /      1.00000 para neuron(05)
Mensaje Y / 00:00:00:039 / timer(06) / out_count /      1.00000 para neuron(05)
Mensaje D / 00:00:00:039 / timer(06) / 00:00:00:001 para neuron(05)
Mensaje Y / 00:00:00:039 / neuron(05) / clk_control /      1.00000 para top(01)
Mensaje X / 00:00:00:039 / neuron(05) / m_incount /      1.00000 para controller(07)
Mensaje Y / 00:00:00:039 / top(01) / control_output /      1.00000 para Root(00)
Mensaje D / 00:00:00:039 / controller(07) / ... para neuron(05)
Mensaje D / 00:00:00:039 / neuron(05) / 00:00:00:001 para top(01)
Mensaje D / 00:00:00:039 / top(01) / 00:00:00:001 para Root(00)
Mensaje * / 00:00:00:040 / Root(00) para top(01)
Mensaje * / 00:00:00:040 / top(01) para neuron(05)
Mensaje * / 00:00:00:040 / neuron(05) para timer(06)
Mensaje Y / 00:00:00:040 / timer(06) / out_clk /     -1.00000 para neuron(05)
Mensaje Y / 00:00:00:040 / timer(06) / out_count /      2.00000 para neuron(05)
Mensaje D / 00:00:00:040 / timer(06) / 00:00:00:001 para neuron(05)
Mensaje Y / 00:00:00:040 / neuron(05) / clk_control /     -1.00000 para top(01)
Mensaje X / 00:00:00:040 / neuron(05) / m_incount /      2.00000 para controller(07)
Mensaje Y / 00:00:00:040 / top(01) / control_output /     -1.00000 para Root(00)
Mensaje D / 00:00:00:040 / controller(07) / ... para neuron(05)
Mensaje D / 00:00:00:040 / neuron(05) / 00:00:00:001 para top(01)
Mensaje D / 00:00:00:040 / top(01) / 00:00:00:001 para Root(00)
Mensaje * / 00:00:00:041 / Root(00) para top(01)
Mensaje * / 00:00:00:041 / top(01) para neuron(05)
Mensaje * / 00:00:00:041 / neuron(05) para timer(06)
Mensaje Y / 00:00:00:041 / timer(06) / out_clk /      1.00000 para neuron(05)
Mensaje Y / 00:00:00:041 / timer(06) / out_count /      3.00000 para neuron(05)
Mensaje D / 00:00:00:041 / timer(06) / 00:00:00:001 para neuron(05)
Mensaje Y / 00:00:00:041 / neuron(05) / clk_control /      1.00000 para top(01)
Mensaje X / 00:00:00:041 / neuron(05) / m_incount /      3.00000 para controller(07)
Mensaje Y / 00:00:00:041 / top(01) / control_output /      1.00000 para Root(00)
Mensaje D / 00:00:00:041 / controller(07) / ... para neuron(05)
Mensaje D / 00:00:00:041 / neuron(05) / 00:00:00:001 para top(01)
Mensaje D / 00:00:00:041 / top(01) / 00:00:00:001 para Root(00)
Mensaje * / 00:00:00:042 / Root(00) para top(01)
Mensaje * / 00:00:00:042 / top(01) para neuron(05)
Mensaje * / 00:00:00:042 / neuron(05) para timer(06)
Mensaje Y / 00:00:00:042 / timer(06) / out_clk /     -1.00000 para neuron(05)
Mensaje Y / 00:00:00:042 / timer(06) / out_count /      4.00000 para neuron(05)
Mensaje D / 00:00:00:042 / timer(06) / 00:00:00:001 para neuron(05)
Mensaje Y / 00:00:00:042 / neuron(05) / clk_control /     -1.00000 para top(01)
Mensaje X / 00:00:00:042 / neuron(05) / m_incount /      4.00000 para controller(07)
Mensaje Y / 00:00:00:042 / top(01) / control_output /     -1.00000 para Root(00)
Mensaje D / 00:00:00:042 / controller(07) / ... para neuron(05)
Mensaje D / 00:00:00:042 / neuron(05) / 00:00:00:001 para top(01)
Mensaje D / 00:00:00:042 / top(01) / 00:00:00:001 para Root(00)
Mensaje * / 00:00:00:043 / Root(00) para top(01)
Mensaje * / 00:00:00:043 / top(01) para neuron(05)
Mensaje * / 00:00:00:043 / neuron(05) para timer(06)
Mensaje Y / 00:00:00:043 / timer(06) / out_clk /      1.00000 para neuron(05)
Mensaje Y / 00:00:00:043 / timer(06) / out_count /      5.00000 para neuron(05)
Mensaje D / 00:00:00:043 / timer(06) / 00:00:00:001 para neuron(05)
Mensaje Y / 00:00:00:043 / neuron(05) / clk_control /      1.00000 para top(01)
Mensaje X / 00:00:00:043 / neuron(05) / m_incount /      5.00000 para controller(07)
Mensaje Y / 00:00:00:043 / top(01) / control_output /      1.00000 para Root(00)
Mensaje D / 00:00:00:043 / controller(07) / ... para neuron(05)
Mensaje D / 00:00:00:043 / neuron(05) / 00:00:00:001 para top(01)
Mensaje D / 00:00:00:043 / top(01) / 00:00:00:001 para Root(00)
Mensaje * / 00:00:00:044 / Root(00) para top(01)
Mensaje * / 00:00:00:044 / top(01) para neuron(05)
Mensaje * / 00:00:00:044 / neuron(05) para timer(06)
Mensaje Y / 00:00:00:044 / timer(06) / out_clk /     -1.00000 para neuron(05)
Mensaje Y / 00:00:00:044 / timer(06) / out_count /      6.00000 para neuron(05)
Mensaje D / 00:00:00:044 / timer(06) / 00:00:00:001 para neuron(05)
Mensaje Y / 00:00:00:044 / neuron(05) / clk_control /     -1.00000 para top(01)
Mensaje X / 00:00:00:044 / neuron(05) / m_incount /      6.00000 para controller(07)
Mensaje Y / 00:00:00:044 / top(01) / control_output /     -1.00000 para Root(00)
Mensaje D / 00:00:00:044 / controller(07) / ... para neuron(05)
Mensaje D / 00:00:00:044 / neuron(05) / 00:00:00:001 para top(01)
Mensaje D / 00:00:00:044 / top(01) / 00:00:00:001 para Root(00)
Mensaje * / 00:00:00:045 / Root(00) para top(01)
Mensaje * / 00:00:00:045 / top(01) para neuron(05)
Mensaje * / 00:00:00:045 / neuron(05) para timer(06)
Mensaje Y / 00:00:00:045 / timer(06) / out_clk /      1.00000 para neuron(05)
Mensaje Y / 00:00:00:045 / timer(06) / out_count /      7.00000 para neuron(05)
Mensaje D / 00:00:00:045 / timer(06) / 00:00:00:001 para neuron(05)
Mensaje Y / 00:00:00:045 / neuron(05) / clk_control /      1.00000 para top(01)
Mensaje X / 00:00:00:045 / neuron(05) / m_incount /      7.00000 para controller(07)
Mensaje Y / 00:00:00:045 / top(01) / control_output /      1.00000 para Root(00)
Mensaje D / 00:00:00:045 / controller(07) / ... para neuron(05)
Mensaje D / 00:00:00:045 / neuron(05) / 00:00:00:001 para top(01)
Mensaje D / 00:00:00:045 / top(01) / 00:00:00:001 para Root(00)
Mensaje X / 00:00:00:046 / Root(00) / in_2 /      0.20000 para top(01)
Mensaje X / 00:00:00:046 / top(01) / in_2 /      0.20000 para transformer(02)
Mensaje X / 00:00:00:046 / transformer(02) / in_2 /      0.20000 para amp_2(04)
Mensaje D / 00:00:00:046 / amp_2(04) / 00:00:00:000 para transformer(02)
Mensaje D / 00:00:00:046 / transformer(02) / 00:00:00:000 para top(01)
Mensaje D / 00:00:00:046 / top(01) / 00:00:00:000 para Root(00)
Mensaje * / 00:00:00:046 / Root(00) para top(01)
Mensaje * / 00:00:00:046 / top(01) para transformer(02)
Mensaje * / 00:00:00:046 / transformer(02) para amp_2(04)
Mensaje Y / 00:00:00:046 / amp_2(04) / out_2 /      1.00000 para transformer(02)
Mensaje D / 00:00:00:046 / amp_2(04) / ... para transformer(02)
Mensaje Y / 00:00:00:046 / transformer(02) / out_2 /      1.00000 para top(01)
Mensaje D / 00:00:00:046 / transformer(02) / ... para top(01)
Mensaje X / 00:00:00:046 / top(01) / neuron_off /      1.00000 para neuron(05)
Mensaje X / 00:00:00:046 / neuron(05) / m_in /      1.00000 para controller(07)
Mensaje D / 00:00:00:046 / controller(07) / 00:00:00:001 para neuron(05)
Mensaje D / 00:00:00:046 / neuron(05) / 00:00:00:000 para top(01)
Mensaje D / 00:00:00:046 / top(01) / 00:00:00:000 para Root(00)
Mensaje * / 00:00:00:046 / Root(00) para top(01)
Mensaje * / 00:00:00:046 / top(01) para neuron(05)
Mensaje * / 00:00:00:046 / neuron(05) para timer(06)
Mensaje Y / 00:00:00:046 / timer(06) / out_clk /     -1.00000 para neuron(05)
Mensaje Y / 00:00:00:046 / timer(06) / out_count /      8.00000 para neuron(05)
Mensaje D / 00:00:00:046 / timer(06) / 00:00:00:001 para neuron(05)
Mensaje Y / 00:00:00:046 / neuron(05) / clk_control /     -1.00000 para top(01)
Mensaje X / 00:00:00:046 / neuron(05) / m_incount /      8.00000 para controller(07)
Mensaje Y / 00:00:00:046 / top(01) / control_output /     -1.00000 para Root(00)
Mensaje D / 00:00:00:046 / controller(07) / 00:00:00:000 para neuron(05)
Mensaje D / 00:00:00:046 / neuron(05) / 00:00:00:000 para top(01)
Mensaje D / 00:00:00:046 / top(01) / 00:00:00:000 para Root(00)
Mensaje * / 00:00:00:046 / Root(00) para top(01)
Mensaje * / 00:00:00:046 / top(01) para neuron(05)
Mensaje * / 00:00:00:046 / neuron(05) para controller(07)
Mensaje Y / 00:00:00:046 / controller(07) / m_outoff /      1.00000 para neuron(05)
Mensaje Y / 00:00:00:046 / controller(07) / m_outfire /      1.00000 para neuron(05)
Mensaje D / 00:00:00:046 / controller(07) / ... para neuron(05)
Mensaje X / 00:00:00:046 / neuron(05) / m_inturnoff /      1.00000 para timer(06)
Mensaje Y / 00:00:00:046 / neuron(05) / neuron_out /      1.00000 para top(01)
Mensaje D / 00:00:00:046 / timer(06) / ... para neuron(05)
Mensaje Y / 00:00:00:046 / top(01) / terminal_output /      1.00000 para Root(00)
Mensaje D / 00:00:00:046 / neuron(05) / ... para top(01)
Mensaje D / 00:00:00:046 / top(01) / ... para Root(00)
Mensaje X / 00:00:00:048 / Root(00) / in_1 /      0.10000 para top(01)
Mensaje X / 00:00:00:048 / top(01) / in_1 /      0.10000 para transformer(02)
Mensaje X / 00:00:00:048 / transformer(02) / in_1 /      0.10000 para amp_1(03)
Mensaje D / 00:00:00:048 / amp_1(03) / 00:00:00:000 para transformer(02)
Mensaje D / 00:00:00:048 / transformer(02) / 00:00:00:000 para top(01)
Mensaje D / 00:00:00:048 / top(01) / 00:00:00:000 para Root(00)
Mensaje * / 00:00:00:048 / Root(00) para top(01)
Mensaje * / 00:00:00:048 / top(01) para transformer(02)
Mensaje * / 00:00:00:048 / transformer(02) para amp_1(03)
Mensaje Y / 00:00:00:048 / amp_1(03) / out_1 /      1.00000 para transformer(02)
Mensaje D / 00:00:00:048 / amp_1(03) / ... para transformer(02)
Mensaje Y / 00:00:00:048 / transformer(02) / out_1 /      1.00000 para top(01)
Mensaje D / 00:00:00:048 / transformer(02) / ... para top(01)
Mensaje X / 00:00:00:048 / top(01) / neuron_on /      1.00000 para neuron(05)
Mensaje X / 00:00:00:048 / neuron(05) / m_inturnon /      1.00000 para timer(06)
Mensaje D / 00:00:00:048 / timer(06) / 00:00:00:001 para neuron(05)
Mensaje D / 00:00:00:048 / neuron(05) / 00:00:00:001 para top(01)
Mensaje D / 00:00:00:048 / top(01) / 00:00:00:001 para Root(00)
Mensaje X / 00:00:00:049 / Root(00) / in_1 /      0.10000 para top(01)
Mensaje X / 00:00:00:049 / top(01) / in_1 /      0.10000 para transformer(02)
Mensaje X / 00:00:00:049 / transformer(02) / in_1 /      0.10000 para amp_1(03)
Mensaje D / 00:00:00:049 / amp_1(03) / 00:00:00:000 para transformer(02)
Mensaje D / 00:00:00:049 / transformer(02) / 00:00:00:000 para top(01)
Mensaje D / 00:00:00:049 / top(01) / 00:00:00:000 para Root(00)
Mensaje * / 00:00:00:049 / Root(00) para top(01)
Mensaje * / 00:00:00:049 / top(01) para transformer(02)
Mensaje * / 00:00:00:049 / transformer(02) para amp_1(03)
Mensaje Y / 00:00:00:049 / amp_1(03) / out_1 /      1.00000 para transformer(02)
Mensaje D / 00:00:00:049 / amp_1(03) / ... para transformer(02)
Mensaje Y / 00:00:00:049 / transformer(02) / out_1 /      1.00000 para top(01)
Mensaje D / 00:00:00:049 / transformer(02) / ... para top(01)
Mensaje X / 00:00:00:049 / top(01) / neuron_on /      1.00000 para neuron(05)
Mensaje X / 00:00:00:049 / neuron(05) / m_inturnon /      1.00000 para timer(06)
Mensaje D / 00:00:00:049 / timer(06) / 00:00:00:000 para neuron(05)
Mensaje D / 00:00:00:049 / neuron(05) / 00:00:00:000 para top(01)
Mensaje D / 00:00:00:049 / top(01) / 00:00:00:000 para Root(00)
Mensaje * / 00:00:00:049 / Root(00) para top(01)
Mensaje * / 00:00:00:049 / top(01) para neuron(05)
Mensaje * / 00:00:00:049 / neuron(05) para timer(06)
Mensaje Y / 00:00:00:049 / timer(06) / out_clk /      1.00000 para neuron(05)
Mensaje Y / 00:00:00:049 / timer(06) / out_count /      1.00000 para neuron(05)
Mensaje D / 00:00:00:049 / timer(06) / 00:00:00:001 para neuron(05)
Mensaje Y / 00:00:00:049 / neuron(05) / clk_control /      1.00000 para top(01)
Mensaje X / 00:00:00:049 / neuron(05) / m_incount /      1.00000 para controller(07)
Mensaje Y / 00:00:00:049 / top(01) / control_output /      1.00000 para Root(00)
Mensaje D / 00:00:00:049 / controller(07) / ... para neuron(05)
Mensaje D / 00:00:00:049 / neuron(05) / 00:00:00:001 para top(01)
Mensaje D / 00:00:00:049 / top(01) / 00:00:00:001 para Root(00)
Mensaje X / 00:00:00:050 / Root(00) / in_1 /      0.10000 para top(01)
Mensaje X / 00:00:00:050 / top(01) / in_1 /      0.10000 para transformer(02)
Mensaje X / 00:00:00:050 / transformer(02) / in_1 /      0.10000 para amp_1(03)
Mensaje D / 00:00:00:050 / amp_1(03) / 00:00:00:000 para transformer(02)
Mensaje D / 00:00:00:050 / transformer(02) / 00:00:00:000 para top(01)
Mensaje D / 00:00:00:050 / top(01) / 00:00:00:000 para Root(00)
Mensaje * / 00:00:00:050 / Root(00) para top(01)
Mensaje * / 00:00:00:050 / top(01) para transformer(02)
Mensaje * / 00:00:00:050 / transformer(02) para amp_1(03)
Mensaje Y / 00:00:00:050 / amp_1(03) / out_1 /      1.00000 para transformer(02)
Mensaje D / 00:00:00:050 / amp_1(03) / ... para transformer(02)
Mensaje Y / 00:00:00:050 / transformer(02) / out_1 /      1.00000 para top(01)
Mensaje D / 00:00:00:050 / transformer(02) / ... para top(01)
Mensaje X / 00:00:00:050 / top(01) / neuron_on /      1.00000 para neuron(05)
Mensaje X / 00:00:00:050 / neuron(05) / m_inturnon /      1.00000 para timer(06)
Mensaje D / 00:00:00:050 / timer(06) / 00:00:00:000 para neuron(05)
Mensaje D / 00:00:00:050 / neuron(05) / 00:00:00:000 para top(01)
Mensaje D / 00:00:00:050 / top(01) / 00:00:00:000 para Root(00)
Mensaje * / 00:00:00:050 / Root(00) para top(01)
Mensaje * / 00:00:00:050 / top(01) para neuron(05)
Mensaje * / 00:00:00:050 / neuron(05) para timer(06)
Mensaje Y / 00:00:00:050 / timer(06) / out_clk /     -1.00000 para neuron(05)
Mensaje Y / 00:00:00:050 / timer(06) / out_count /      2.00000 para neuron(05)
Mensaje D / 00:00:00:050 / timer(06) / 00:00:00:001 para neuron(05)
Mensaje Y / 00:00:00:050 / neuron(05) / clk_control /     -1.00000 para top(01)
Mensaje X / 00:00:00:050 / neuron(05) / m_incount /      2.00000 para controller(07)
Mensaje Y / 00:00:00:050 / top(01) / control_output /     -1.00000 para Root(00)
Mensaje D / 00:00:00:050 / controller(07) / ... para neuron(05)
Mensaje D / 00:00:00:050 / neuron(05) / 00:00:00:001 para top(01)
Mensaje D / 00:00:00:050 / top(01) / 00:00:00:001 para Root(00)
Mensaje X / 00:00:00:051 / Root(00) / in_1 /      0.10000 para top(01)
Mensaje X / 00:00:00:051 / top(01) / in_1 /      0.10000 para transformer(02)
Mensaje X / 00:00:00:051 / transformer(02) / in_1 /      0.10000 para amp_1(03)
Mensaje D / 00:00:00:051 / amp_1(03) / 00:00:00:000 para transformer(02)
Mensaje D / 00:00:00:051 / transformer(02) / 00:00:00:000 para top(01)
Mensaje D / 00:00:00:051 / top(01) / 00:00:00:000 para Root(00)
Mensaje * / 00:00:00:051 / Root(00) para top(01)
Mensaje * / 00:00:00:051 / top(01) para transformer(02)
Mensaje * / 00:00:00:051 / transformer(02) para amp_1(03)
Mensaje Y / 00:00:00:051 / amp_1(03) / out_1 /      1.00000 para transformer(02)
Mensaje D / 00:00:00:051 / amp_1(03) / ... para transformer(02)
Mensaje Y / 00:00:00:051 / transformer(02) / out_1 /      1.00000 para top(01)
Mensaje D / 00:00:00:051 / transformer(02) / ... para top(01)
Mensaje X / 00:00:00:051 / top(01) / neuron_on /      1.00000 para neuron(05)
Mensaje X / 00:00:00:051 / neuron(05) / m_inturnon /      1.00000 para timer(06)
Mensaje D / 00:00:00:051 / timer(06) / 00:00:00:000 para neuron(05)
Mensaje D / 00:00:00:051 / neuron(05) / 00:00:00:000 para top(01)
Mensaje D / 00:00:00:051 / top(01) / 00:00:00:000 para Root(00)
Mensaje * / 00:00:00:051 / Root(00) para top(01)
Mensaje * / 00:00:00:051 / top(01) para neuron(05)
Mensaje * / 00:00:00:051 / neuron(05) para timer(06)
Mensaje Y / 00:00:00:051 / timer(06) / out_clk /      1.00000 para neuron(05)
Mensaje Y / 00:00:00:051 / timer(06) / out_count /      3.00000 para neuron(05)
Mensaje D / 00:00:00:051 / timer(06) / 00:00:00:001 para neuron(05)
Mensaje Y / 00:00:00:051 / neuron(05) / clk_control /      1.00000 para top(01)
Mensaje X / 00:00:00:051 / neuron(05) / m_incount /      3.00000 para controller(07)
Mensaje Y / 00:00:00:051 / top(01) / control_output /      1.00000 para Root(00)
Mensaje D / 00:00:00:051 / controller(07) / ... para neuron(05)
Mensaje D / 00:00:00:051 / neuron(05) / 00:00:00:001 para top(01)
Mensaje D / 00:00:00:051 / top(01) / 00:00:00:001 para Root(00)
Mensaje X / 00:00:00:052 / Root(00) / in_1 /      0.10000 para top(01)
Mensaje X / 00:00:00:052 / top(01) / in_1 /      0.10000 para transformer(02)
Mensaje X / 00:00:00:052 / transformer(02) / in_1 /      0.10000 para amp_1(03)
Mensaje D / 00:00:00:052 / amp_1(03) / 00:00:00:000 para transformer(02)
Mensaje D / 00:00:00:052 / transformer(02) / 00:00:00:000 para top(01)
Mensaje D / 00:00:00:052 / top(01) / 00:00:00:000 para Root(00)
Mensaje * / 00:00:00:052 / Root(00) para top(01)
Mensaje * / 00:00:00:052 / top(01) para transformer(02)
Mensaje * / 00:00:00:052 / transformer(02) para amp_1(03)
Mensaje Y / 00:00:00:052 / amp_1(03) / out_1 /      1.00000 para transformer(02)
Mensaje D / 00:00:00:052 / amp_1(03) / ... para transformer(02)
Mensaje Y / 00:00:00:052 / transformer(02) / out_1 /      1.00000 para top(01)
Mensaje D / 00:00:00:052 / transformer(02) / ... para top(01)
Mensaje X / 00:00:00:052 / top(01) / neuron_on /      1.00000 para neuron(05)
Mensaje X / 00:00:00:052 / neuron(05) / m_inturnon /      1.00000 para timer(06)
Mensaje D / 00:00:00:052 / timer(06) / 00:00:00:000 para neuron(05)
Mensaje D / 00:00:00:052 / neuron(05) / 00:00:00:000 para top(01)
Mensaje D / 00:00:00:052 / top(01) / 00:00:00:000 para Root(00)
Mensaje * / 00:00:00:052 / Root(00) para top(01)
Mensaje * / 00:00:00:052 / top(01) para neuron(05)
Mensaje * / 00:00:00:052 / neuron(05) para timer(06)
Mensaje Y / 00:00:00:052 / timer(06) / out_clk /     -1.00000 para neuron(05)
Mensaje Y / 00:00:00:052 / timer(06) / out_count /      4.00000 para neuron(05)
Mensaje D / 00:00:00:052 / timer(06) / 00:00:00:001 para neuron(05)
Mensaje Y / 00:00:00:052 / neuron(05) / clk_control /     -1.00000 para top(01)
Mensaje X / 00:00:00:052 / neuron(05) / m_incount /      4.00000 para controller(07)
Mensaje Y / 00:00:00:052 / top(01) / control_output /     -1.00000 para Root(00)
Mensaje D / 00:00:00:052 / controller(07) / ... para neuron(05)
Mensaje D / 00:00:00:052 / neuron(05) / 00:00:00:001 para top(01)
Mensaje D / 00:00:00:052 / top(01) / 00:00:00:001 para Root(00)
Mensaje X / 00:00:00:053 / Root(00) / in_1 /      0.10000 para top(01)
Mensaje X / 00:00:00:053 / top(01) / in_1 /      0.10000 para transformer(02)
Mensaje X / 00:00:00:053 / transformer(02) / in_1 /      0.10000 para amp_1(03)
Mensaje D / 00:00:00:053 / amp_1(03) / 00:00:00:000 para transformer(02)
Mensaje D / 00:00:00:053 / transformer(02) / 00:00:00:000 para top(01)
Mensaje D / 00:00:00:053 / top(01) / 00:00:00:000 para Root(00)
Mensaje * / 00:00:00:053 / Root(00) para top(01)
Mensaje * / 00:00:00:053 / top(01) para transformer(02)
Mensaje * / 00:00:00:053 / transformer(02) para amp_1(03)
Mensaje Y / 00:00:00:053 / amp_1(03) / out_1 /      1.00000 para transformer(02)
Mensaje D / 00:00:00:053 / amp_1(03) / ... para transformer(02)
Mensaje Y / 00:00:00:053 / transformer(02) / out_1 /      1.00000 para top(01)
Mensaje D / 00:00:00:053 / transformer(02) / ... para top(01)
Mensaje X / 00:00:00:053 / top(01) / neuron_on /      1.00000 para neuron(05)
Mensaje X / 00:00:00:053 / neuron(05) / m_inturnon /      1.00000 para timer(06)
Mensaje D / 00:00:00:053 / timer(06) / 00:00:00:000 para neuron(05)
Mensaje D / 00:00:00:053 / neuron(05) / 00:00:00:000 para top(01)
Mensaje D / 00:00:00:053 / top(01) / 00:00:00:000 para Root(00)
Mensaje * / 00:00:00:053 / Root(00) para top(01)
Mensaje * / 00:00:00:053 / top(01) para neuron(05)
Mensaje * / 00:00:00:053 / neuron(05) para timer(06)
Mensaje Y / 00:00:00:053 / timer(06) / out_clk /      1.00000 para neuron(05)
Mensaje Y / 00:00:00:053 / timer(06) / out_count /      5.00000 para neuron(05)
Mensaje D / 00:00:00:053 / timer(06) / 00:00:00:001 para neuron(05)
Mensaje Y / 00:00:00:053 / neuron(05) / clk_control /      1.00000 para top(01)
Mensaje X / 00:00:00:053 / neuron(05) / m_incount /      5.00000 para controller(07)
Mensaje Y / 00:00:00:053 / top(01) / control_output /      1.00000 para Root(00)
Mensaje D / 00:00:00:053 / controller(07) / ... para neuron(05)
Mensaje D / 00:00:00:053 / neuron(05) / 00:00:00:001 para top(01)
Mensaje D / 00:00:00:053 / top(01) / 00:00:00:001 para Root(00)
Mensaje X / 00:00:00:054 / Root(00) / in_2 /      0.20000 para top(01)
Mensaje X / 00:00:00:054 / top(01) / in_2 /      0.20000 para transformer(02)
Mensaje X / 00:00:00:054 / transformer(02) / in_2 /      0.20000 para amp_2(04)
Mensaje D / 00:00:00:054 / amp_2(04) / 00:00:00:000 para transformer(02)
Mensaje D / 00:00:00:054 / transformer(02) / 00:00:00:000 para top(01)
Mensaje D / 00:00:00:054 / top(01) / 00:00:00:000 para Root(00)
Mensaje * / 00:00:00:054 / Root(00) para top(01)
Mensaje * / 00:00:00:054 / top(01) para transformer(02)
Mensaje * / 00:00:00:054 / transformer(02) para amp_2(04)
Mensaje Y / 00:00:00:054 / amp_2(04) / out_2 /      1.00000 para transformer(02)
Mensaje D / 00:00:00:054 / amp_2(04) / ... para transformer(02)
Mensaje Y / 00:00:00:054 / transformer(02) / out_2 /      1.00000 para top(01)
Mensaje D / 00:00:00:054 / transformer(02) / ... para top(01)
Mensaje X / 00:00:00:054 / top(01) / neuron_off /      1.00000 para neuron(05)
Mensaje X / 00:00:00:054 / neuron(05) / m_in /      1.00000 para controller(07)
Mensaje D / 00:00:00:054 / controller(07) / 00:00:00:001 para neuron(05)
Mensaje D / 00:00:00:054 / neuron(05) / 00:00:00:000 para top(01)
Mensaje D / 00:00:00:054 / top(01) / 00:00:00:000 para Root(00)
Mensaje * / 00:00:00:054 / Root(00) para top(01)
Mensaje * / 00:00:00:054 / top(01) para neuron(05)
Mensaje * / 00:00:00:054 / neuron(05) para timer(06)
Mensaje Y / 00:00:00:054 / timer(06) / out_clk /     -1.00000 para neuron(05)
Mensaje Y / 00:00:00:054 / timer(06) / out_count /      6.00000 para neuron(05)
Mensaje D / 00:00:00:054 / timer(06) / 00:00:00:001 para neuron(05)
Mensaje Y / 00:00:00:054 / neuron(05) / clk_control /     -1.00000 para top(01)
Mensaje X / 00:00:00:054 / neuron(05) / m_incount /      6.00000 para controller(07)
Mensaje Y / 00:00:00:054 / top(01) / control_output /     -1.00000 para Root(00)
Mensaje D / 00:00:00:054 / controller(07) / 00:00:00:000 para neuron(05)
Mensaje D / 00:00:00:054 / neuron(05) / 00:00:00:000 para top(01)
Mensaje D / 00:00:00:054 / top(01) / 00:00:00:000 para Root(00)
Mensaje * / 00:00:00:054 / Root(00) para top(01)
Mensaje * / 00:00:00:054 / top(01) para neuron(05)
Mensaje * / 00:00:00:054 / neuron(05) para controller(07)
Mensaje Y / 00:00:00:054 / controller(07) / m_outoff /      1.00000 para neuron(05)
Mensaje Y / 00:00:00:054 / controller(07) / m_outfire /      1.00000 para neuron(05)
Mensaje D / 00:00:00:054 / controller(07) / ... para neuron(05)
Mensaje X / 00:00:00:054 / neuron(05) / m_inturnoff /      1.00000 para timer(06)
Mensaje Y / 00:00:00:054 / neuron(05) / neuron_out /      1.00000 para top(01)
Mensaje D / 00:00:00:054 / timer(06) / ... para neuron(05)
Mensaje Y / 00:00:00:054 / top(01) / terminal_output /      1.00000 para Root(00)
Mensaje D / 00:00:00:054 / neuron(05) / ... para top(01)
Mensaje D / 00:00:00:054 / top(01) / ... para Root(00)
